DEBUG - 2025-07-16 10:16:31 --> Session: Class initialized using 'CodeIgniter\Session\Handlers\FileHandler' driver.
DEBUG - 2025-07-16 10:16:45 --> Session: Class initialized using 'CodeIgniter\Session\Handlers\FileHandler' driver.
DEBUG - 2025-07-16 10:16:47 --> Session: Class initialized using 'CodeIgniter\Session\Handlers\FileHandler' driver.
DEBUG - 2025-07-16 10:22:39 --> Session: Class initialized using 'CodeIgniter\Session\Handlers\FileHandler' driver.
DEBUG - 2025-07-16 10:38:43 --> Session: Class initialized using 'CodeIgniter\Session\Handlers\FileHandler' driver.
DEBUG - 2025-07-16 10:38:54 --> Session: Class initialized using 'CodeIgniter\Session\Handlers\FileHandler' driver.
DEBUG - 2025-07-16 10:40:13 --> Session: Class initialized using 'CodeIgniter\Session\Handlers\FileHandler' driver.
DEBUG - 2025-07-16 10:40:16 --> Session: Class initialized using 'CodeIgniter\Session\Handlers\FileHandler' driver.
DEBUG - 2025-07-16 10:40:24 --> Session: Class initialized using 'CodeIgniter\Session\Handlers\FileHandler' driver.
DEBUG - 2025-07-16 10:41:02 --> Session: Class initialized using 'CodeIgniter\Session\Handlers\FileHandler' driver.
DEBUG - 2025-07-16 10:41:04 --> Session: Class initialized using 'CodeIgniter\Session\Handlers\FileHandler' driver.
DEBUG - 2025-07-16 10:43:25 --> Session: Class initialized using 'CodeIgniter\Session\Handlers\FileHandler' driver.
DEBUG - 2025-07-16 10:46:12 --> Session: Class initialized using 'CodeIgniter\Session\Handlers\FileHandler' driver.
DEBUG - 2025-07-16 10:46:33 --> Session: Class initialized using 'CodeIgniter\Session\Handlers\FileHandler' driver.
DEBUG - 2025-07-16 10:46:44 --> Session: Class initialized using 'CodeIgniter\Session\Handlers\FileHandler' driver.
DEBUG - 2025-07-16 10:48:49 --> Session: Class initialized using 'CodeIgniter\Session\Handlers\FileHandler' driver.
DEBUG - 2025-07-16 10:50:30 --> Session: Class initialized using 'CodeIgniter\Session\Handlers\FileHandler' driver.
DEBUG - 2025-07-16 10:51:08 --> Session: Class initialized using 'CodeIgniter\Session\Handlers\FileHandler' driver.
DEBUG - 2025-07-16 13:02:38 --> Session: Class initialized using 'CodeIgniter\Session\Handlers\FileHandler' driver.
DEBUG - 2025-07-16 13:02:48 --> Session: Class initialized using 'CodeIgniter\Session\Handlers\FileHandler' driver.
DEBUG - 2025-07-16 13:03:49 --> Session: Class initialized using 'CodeIgniter\Session\Handlers\FileHandler' driver.
DEBUG - 2025-07-16 13:03:52 --> Session: Class initialized using 'CodeIgniter\Session\Handlers\FileHandler' driver.
DEBUG - 2025-07-16 13:04:38 --> Session: Class initialized using 'CodeIgniter\Session\Handlers\FileHandler' driver.
DEBUG - 2025-07-16 13:04:44 --> Session: Class initialized using 'CodeIgniter\Session\Handlers\FileHandler' driver.
DEBUG - 2025-07-16 13:06:04 --> Session: Class initialized using 'CodeIgniter\Session\Handlers\FileHandler' driver.
DEBUG - 2025-07-16 13:06:13 --> Session: Class initialized using 'CodeIgniter\Session\Handlers\FileHandler' driver.
DEBUG - 2025-07-16 13:07:02 --> Session: Class initialized using 'CodeIgniter\Session\Handlers\FileHandler' driver.
DEBUG - 2025-07-16 13:07:08 --> Session: Class initialized using 'CodeIgniter\Session\Handlers\FileHandler' driver.
DEBUG - 2025-07-16 13:07:51 --> Session: Class initialized using 'CodeIgniter\Session\Handlers\FileHandler' driver.
DEBUG - 2025-07-16 13:07:54 --> Session: Class initialized using 'CodeIgniter\Session\Handlers\FileHandler' driver.
DEBUG - 2025-07-16 13:08:05 --> Session: Class initialized using 'CodeIgniter\Session\Handlers\FileHandler' driver.
DEBUG - 2025-07-16 13:08:11 --> Session: Class initialized using 'CodeIgniter\Session\Handlers\FileHandler' driver.
DEBUG - 2025-07-16 13:08:24 --> Session: Class initialized using 'CodeIgniter\Session\Handlers\FileHandler' driver.
DEBUG - 2025-07-16 13:08:26 --> Session: Class initialized using 'CodeIgniter\Session\Handlers\FileHandler' driver.
DEBUG - 2025-07-16 13:09:29 --> Session: Class initialized using 'CodeIgniter\Session\Handlers\FileHandler' driver.
ERROR - 2025-07-16 14:13:26 --> mysqli_sql_exception: Unknown column 'jenis_ujian.id' in 'on clause' in C:\laragon\www\cbt-aktara-v2\vendor\codeigniter4\framework\system\Database\MySQLi\Connection.php:327
Stack trace:
#0 C:\laragon\www\cbt-aktara-v2\vendor\codeigniter4\framework\system\Database\MySQLi\Connection.php(327): mysqli->query('SELECT `jadwal_...', 0)
#1 C:\laragon\www\cbt-aktara-v2\vendor\codeigniter4\framework\system\Database\BaseConnection.php(738): CodeIgniter\Database\MySQLi\Connection->execute('SELECT `jadwal_...')
#2 C:\laragon\www\cbt-aktara-v2\vendor\codeigniter4\framework\system\Database\BaseConnection.php(652): CodeIgniter\Database\BaseConnection->simpleQuery('SELECT `jadwal_...')
#3 C:\laragon\www\cbt-aktara-v2\vendor\codeigniter4\framework\system\Database\BaseBuilder.php(1649): CodeIgniter\Database\BaseConnection->query('SELECT `jadwal_...', Array, false)
#4 C:\laragon\www\cbt-aktara-v2\vendor\codeigniter4\framework\system\Model.php(286): CodeIgniter\Database\BaseBuilder->get()
#5 C:\laragon\www\cbt-aktara-v2\vendor\codeigniter4\framework\system\BaseModel.php(679): CodeIgniter\Model->doFindAll(0, 0)
#6 C:\laragon\www\cbt-aktara-v2\app\Controllers\admin\jadwalujian.php(31): CodeIgniter\BaseModel->findAll()
#7 C:\laragon\www\cbt-aktara-v2\vendor\codeigniter4\framework\system\CodeIgniter.php(933): App\Controllers\Admin\jadwalujian->index()
#8 C:\laragon\www\cbt-aktara-v2\vendor\codeigniter4\framework\system\CodeIgniter.php(507): CodeIgniter\CodeIgniter->runController(Object(App\Controllers\Admin\jadwalujian))
#9 C:\laragon\www\cbt-aktara-v2\vendor\codeigniter4\framework\system\CodeIgniter.php(354): CodeIgniter\CodeIgniter->handleRequest(NULL, Object(Config\Cache), false)
#10 C:\laragon\www\cbt-aktara-v2\vendor\codeigniter4\framework\system\Boot.php(334): CodeIgniter\CodeIgniter->run()
#11 C:\laragon\www\cbt-aktara-v2\vendor\codeigniter4\framework\system\Boot.php(67): CodeIgniter\Boot::runCodeIgniter(Object(CodeIgniter\CodeIgniter))
#12 C:\laragon\www\cbt-aktara-v2\public\index.php(59): CodeIgniter\Boot::bootWeb(Object(Config\Paths))
#13 C:\laragon\www\cbt-aktara-v2\vendor\codeigniter4\framework\system\rewrite.php(44): require_once('C:\\laragon\\www\\...')
#14 {main}
CRITICAL - 2025-07-16 14:13:26 --> CodeIgniter\Database\Exceptions\DatabaseException: Unknown column 'jenis_ujian.id' in 'on clause'
[Method: GET, Route: admin/jadwalujian]
in SYSTEMPATH\Database\BaseConnection.php on line 692.
 1 SYSTEMPATH\Database\BaseBuilder.php(1649): CodeIgniter\Database\BaseConnection->query('SELECT `jadwal_ujian`.*, `mata_pelajaran`.`nama_mapel`, `bank_soal`.`bank_code`, `jenis_ujian`.`jenis_ujian`, `sekolah`.`nama_sekolah`
FROM `jadwal_ujian`
LEFT JOIN `mata_pelajaran` ON `mata_pelajaran`.`id` = `jadwal_ujian`.`id_mapel`
LEFT JOIN `bank_soal` ON `bank_soal`.`id_bank` = `jadwal_ujian`.`id_bank`
LEFT JOIN `jenis_ujian` ON `jenis_ujian`.`id` = `jadwal_ujian`.`id_jenis_ujian`
LEFT JOIN `sekolah` ON `sekolah`.`id` = `jadwal_ujian`.`id_sekolah`', [], false)
 2 SYSTEMPATH\Model.php(286): CodeIgniter\Database\BaseBuilder->get()
 3 SYSTEMPATH\BaseModel.php(679): CodeIgniter\Model->doFindAll(0, 0)
 4 APPPATH\Controllers\admin\jadwalujian.php(31): CodeIgniter\BaseModel->findAll()
 5 SYSTEMPATH\CodeIgniter.php(933): App\Controllers\Admin\jadwalujian->index()
 6 SYSTEMPATH\CodeIgniter.php(507): CodeIgniter\CodeIgniter->runController(Object(App\Controllers\Admin\jadwalujian))
 7 SYSTEMPATH\CodeIgniter.php(354): CodeIgniter\CodeIgniter->handleRequest(null, Object(Config\Cache), false)
 8 SYSTEMPATH\Boot.php(334): CodeIgniter\CodeIgniter->run()
 9 SYSTEMPATH\Boot.php(67): CodeIgniter\Boot::runCodeIgniter(Object(CodeIgniter\CodeIgniter))
10 FCPATH\index.php(59): CodeIgniter\Boot::bootWeb(Object(Config\Paths))
11 SYSTEMPATH\rewrite.php(44): require_once('C:\\laragon\\www\\cbt-aktara-v2\\public\\index.php')
CRITICAL - 2025-07-16 14:13:26 --> [Caused by] CodeIgniter\Database\Exceptions\DatabaseException: Unknown column 'jenis_ujian.id' in 'on clause'
in SYSTEMPATH\Database\MySQLi\Connection.php on line 332.
 1 SYSTEMPATH\Database\BaseConnection.php(738): CodeIgniter\Database\MySQLi\Connection->execute('SELECT `jadwal_ujian`.*, `mata_pelajaran`.`nama_mapel`, `bank_soal`.`bank_code`, `jenis_ujian`.`jenis_ujian`, `sekolah`.`nama_sekolah`
FROM `jadwal_ujian`
LEFT JOIN `mata_pelajaran` ON `mata_pelajaran`.`id` = `jadwal_ujian`.`id_mapel`
LEFT JOIN `bank_soal` ON `bank_soal`.`id_bank` = `jadwal_ujian`.`id_bank`
LEFT JOIN `jenis_ujian` ON `jenis_ujian`.`id` = `jadwal_ujian`.`id_jenis_ujian`
LEFT JOIN `sekolah` ON `sekolah`.`id` = `jadwal_ujian`.`id_sekolah`')
 2 SYSTEMPATH\Database\BaseConnection.php(652): CodeIgniter\Database\BaseConnection->simpleQuery('SELECT `jadwal_ujian`.*, `mata_pelajaran`.`nama_mapel`, `bank_soal`.`bank_code`, `jenis_ujian`.`jenis_ujian`, `sekolah`.`nama_sekolah`
FROM `jadwal_ujian`
LEFT JOIN `mata_pelajaran` ON `mata_pelajaran`.`id` = `jadwal_ujian`.`id_mapel`
LEFT JOIN `bank_soal` ON `bank_soal`.`id_bank` = `jadwal_ujian`.`id_bank`
LEFT JOIN `jenis_ujian` ON `jenis_ujian`.`id` = `jadwal_ujian`.`id_jenis_ujian`
LEFT JOIN `sekolah` ON `sekolah`.`id` = `jadwal_ujian`.`id_sekolah`')
 3 SYSTEMPATH\Database\BaseBuilder.php(1649): CodeIgniter\Database\BaseConnection->query('SELECT `jadwal_ujian`.*, `mata_pelajaran`.`nama_mapel`, `bank_soal`.`bank_code`, `jenis_ujian`.`jenis_ujian`, `sekolah`.`nama_sekolah`
FROM `jadwal_ujian`
LEFT JOIN `mata_pelajaran` ON `mata_pelajaran`.`id` = `jadwal_ujian`.`id_mapel`
LEFT JOIN `bank_soal` ON `bank_soal`.`id_bank` = `jadwal_ujian`.`id_bank`
LEFT JOIN `jenis_ujian` ON `jenis_ujian`.`id` = `jadwal_ujian`.`id_jenis_ujian`
LEFT JOIN `sekolah` ON `sekolah`.`id` = `jadwal_ujian`.`id_sekolah`', [], false)
 4 SYSTEMPATH\Model.php(286): CodeIgniter\Database\BaseBuilder->get()
 5 SYSTEMPATH\BaseModel.php(679): CodeIgniter\Model->doFindAll(0, 0)
 6 APPPATH\Controllers\admin\jadwalujian.php(31): CodeIgniter\BaseModel->findAll()
 7 SYSTEMPATH\CodeIgniter.php(933): App\Controllers\Admin\jadwalujian->index()
 8 SYSTEMPATH\CodeIgniter.php(507): CodeIgniter\CodeIgniter->runController(Object(App\Controllers\Admin\jadwalujian))
 9 SYSTEMPATH\CodeIgniter.php(354): CodeIgniter\CodeIgniter->handleRequest(null, Object(Config\Cache), false)
10 SYSTEMPATH\Boot.php(334): CodeIgniter\CodeIgniter->run()
11 SYSTEMPATH\Boot.php(67): CodeIgniter\Boot::runCodeIgniter(Object(CodeIgniter\CodeIgniter))
12 FCPATH\index.php(59): CodeIgniter\Boot::bootWeb(Object(Config\Paths))
13 SYSTEMPATH\rewrite.php(44): require_once('C:\\laragon\\www\\cbt-aktara-v2\\public\\index.php')
CRITICAL - 2025-07-16 14:13:26 --> [Caused by] mysqli_sql_exception: Unknown column 'jenis_ujian.id' in 'on clause'
in SYSTEMPATH\Database\MySQLi\Connection.php on line 327.
 1 SYSTEMPATH\Database\MySQLi\Connection.php(327): mysqli->query('SELECT `jadwal_ujian`.*, `mata_pelajaran`.`nama_mapel`, `bank_soal`.`bank_code`, `jenis_ujian`.`jenis_ujian`, `sekolah`.`nama_sekolah`
FROM `jadwal_ujian`
LEFT JOIN `mata_pelajaran` ON `mata_pelajaran`.`id` = `jadwal_ujian`.`id_mapel`
LEFT JOIN `bank_soal` ON `bank_soal`.`id_bank` = `jadwal_ujian`.`id_bank`
LEFT JOIN `jenis_ujian` ON `jenis_ujian`.`id` = `jadwal_ujian`.`id_jenis_ujian`
LEFT JOIN `sekolah` ON `sekolah`.`id` = `jadwal_ujian`.`id_sekolah`', 0)
 2 SYSTEMPATH\Database\BaseConnection.php(738): CodeIgniter\Database\MySQLi\Connection->execute('SELECT `jadwal_ujian`.*, `mata_pelajaran`.`nama_mapel`, `bank_soal`.`bank_code`, `jenis_ujian`.`jenis_ujian`, `sekolah`.`nama_sekolah`
FROM `jadwal_ujian`
LEFT JOIN `mata_pelajaran` ON `mata_pelajaran`.`id` = `jadwal_ujian`.`id_mapel`
LEFT JOIN `bank_soal` ON `bank_soal`.`id_bank` = `jadwal_ujian`.`id_bank`
LEFT JOIN `jenis_ujian` ON `jenis_ujian`.`id` = `jadwal_ujian`.`id_jenis_ujian`
LEFT JOIN `sekolah` ON `sekolah`.`id` = `jadwal_ujian`.`id_sekolah`')
 3 SYSTEMPATH\Database\BaseConnection.php(652): CodeIgniter\Database\BaseConnection->simpleQuery('SELECT `jadwal_ujian`.*, `mata_pelajaran`.`nama_mapel`, `bank_soal`.`bank_code`, `jenis_ujian`.`jenis_ujian`, `sekolah`.`nama_sekolah`
FROM `jadwal_ujian`
LEFT JOIN `mata_pelajaran` ON `mata_pelajaran`.`id` = `jadwal_ujian`.`id_mapel`
LEFT JOIN `bank_soal` ON `bank_soal`.`id_bank` = `jadwal_ujian`.`id_bank`
LEFT JOIN `jenis_ujian` ON `jenis_ujian`.`id` = `jadwal_ujian`.`id_jenis_ujian`
LEFT JOIN `sekolah` ON `sekolah`.`id` = `jadwal_ujian`.`id_sekolah`')
 4 SYSTEMPATH\Database\BaseBuilder.php(1649): CodeIgniter\Database\BaseConnection->query('SELECT `jadwal_ujian`.*, `mata_pelajaran`.`nama_mapel`, `bank_soal`.`bank_code`, `jenis_ujian`.`jenis_ujian`, `sekolah`.`nama_sekolah`
FROM `jadwal_ujian`
LEFT JOIN `mata_pelajaran` ON `mata_pelajaran`.`id` = `jadwal_ujian`.`id_mapel`
LEFT JOIN `bank_soal` ON `bank_soal`.`id_bank` = `jadwal_ujian`.`id_bank`
LEFT JOIN `jenis_ujian` ON `jenis_ujian`.`id` = `jadwal_ujian`.`id_jenis_ujian`
LEFT JOIN `sekolah` ON `sekolah`.`id` = `jadwal_ujian`.`id_sekolah`', [], false)
 5 SYSTEMPATH\Model.php(286): CodeIgniter\Database\BaseBuilder->get()
 6 SYSTEMPATH\BaseModel.php(679): CodeIgniter\Model->doFindAll(0, 0)
 7 APPPATH\Controllers\admin\jadwalujian.php(31): CodeIgniter\BaseModel->findAll()
 8 SYSTEMPATH\CodeIgniter.php(933): App\Controllers\Admin\jadwalujian->index()
 9 SYSTEMPATH\CodeIgniter.php(507): CodeIgniter\CodeIgniter->runController(Object(App\Controllers\Admin\jadwalujian))
10 SYSTEMPATH\CodeIgniter.php(354): CodeIgniter\CodeIgniter->handleRequest(null, Object(Config\Cache), false)
11 SYSTEMPATH\Boot.php(334): CodeIgniter\CodeIgniter->run()
12 SYSTEMPATH\Boot.php(67): CodeIgniter\Boot::runCodeIgniter(Object(CodeIgniter\CodeIgniter))
13 FCPATH\index.php(59): CodeIgniter\Boot::bootWeb(Object(Config\Paths))
14 SYSTEMPATH\rewrite.php(44): require_once('C:\\laragon\\www\\cbt-aktara-v2\\public\\index.php')
ERROR - 2025-07-16 14:15:40 --> mysqli_sql_exception: Unknown column 'jenis_ujian.id' in 'on clause' in C:\laragon\www\cbt-aktara-v2\vendor\codeigniter4\framework\system\Database\MySQLi\Connection.php:327
Stack trace:
#0 C:\laragon\www\cbt-aktara-v2\vendor\codeigniter4\framework\system\Database\MySQLi\Connection.php(327): mysqli->query('SELECT `jadwal_...', 0)
#1 C:\laragon\www\cbt-aktara-v2\vendor\codeigniter4\framework\system\Database\BaseConnection.php(738): CodeIgniter\Database\MySQLi\Connection->execute('SELECT `jadwal_...')
#2 C:\laragon\www\cbt-aktara-v2\vendor\codeigniter4\framework\system\Database\BaseConnection.php(652): CodeIgniter\Database\BaseConnection->simpleQuery('SELECT `jadwal_...')
#3 C:\laragon\www\cbt-aktara-v2\vendor\codeigniter4\framework\system\Database\BaseBuilder.php(1649): CodeIgniter\Database\BaseConnection->query('SELECT `jadwal_...', Array, false)
#4 C:\laragon\www\cbt-aktara-v2\vendor\codeigniter4\framework\system\Model.php(286): CodeIgniter\Database\BaseBuilder->get()
#5 C:\laragon\www\cbt-aktara-v2\vendor\codeigniter4\framework\system\BaseModel.php(679): CodeIgniter\Model->doFindAll(0, 0)
#6 C:\laragon\www\cbt-aktara-v2\app\Controllers\admin\jadwalujian.php(31): CodeIgniter\BaseModel->findAll()
#7 C:\laragon\www\cbt-aktara-v2\vendor\codeigniter4\framework\system\CodeIgniter.php(933): App\Controllers\Admin\jadwalujian->index()
#8 C:\laragon\www\cbt-aktara-v2\vendor\codeigniter4\framework\system\CodeIgniter.php(507): CodeIgniter\CodeIgniter->runController(Object(App\Controllers\Admin\jadwalujian))
#9 C:\laragon\www\cbt-aktara-v2\vendor\codeigniter4\framework\system\CodeIgniter.php(354): CodeIgniter\CodeIgniter->handleRequest(NULL, Object(Config\Cache), false)
#10 C:\laragon\www\cbt-aktara-v2\vendor\codeigniter4\framework\system\Boot.php(334): CodeIgniter\CodeIgniter->run()
#11 C:\laragon\www\cbt-aktara-v2\vendor\codeigniter4\framework\system\Boot.php(67): CodeIgniter\Boot::runCodeIgniter(Object(CodeIgniter\CodeIgniter))
#12 C:\laragon\www\cbt-aktara-v2\public\index.php(59): CodeIgniter\Boot::bootWeb(Object(Config\Paths))
#13 C:\laragon\www\cbt-aktara-v2\vendor\codeigniter4\framework\system\rewrite.php(44): require_once('C:\\laragon\\www\\...')
#14 {main}
CRITICAL - 2025-07-16 14:15:40 --> CodeIgniter\Database\Exceptions\DatabaseException: Unknown column 'jenis_ujian.id' in 'on clause'
[Method: GET, Route: admin/jadwalujian]
in SYSTEMPATH\Database\BaseConnection.php on line 692.
 1 SYSTEMPATH\Database\BaseBuilder.php(1649): CodeIgniter\Database\BaseConnection->query('SELECT `jadwal_ujian`.*, `mata_pelajaran`.`nama_mapel`, `bank_soal`.`bank_code`, `jenis_ujian`.`jenis_ujian`, `sekolah`.`nama_sekolah`
FROM `jadwal_ujian`
LEFT JOIN `mata_pelajaran` ON `mata_pelajaran`.`id` = `jadwal_ujian`.`id_mapel`
LEFT JOIN `bank_soal` ON `bank_soal`.`id_bank` = `jadwal_ujian`.`id_bank`
LEFT JOIN `jenis_ujian` ON `jenis_ujian`.`id` = `jadwal_ujian`.`id_jenis_ujian`
LEFT JOIN `sekolah` ON `sekolah`.`id` = `jadwal_ujian`.`id_sekolah`', [], false)
 2 SYSTEMPATH\Model.php(286): CodeIgniter\Database\BaseBuilder->get()
 3 SYSTEMPATH\BaseModel.php(679): CodeIgniter\Model->doFindAll(0, 0)
 4 APPPATH\Controllers\admin\jadwalujian.php(31): CodeIgniter\BaseModel->findAll()
 5 SYSTEMPATH\CodeIgniter.php(933): App\Controllers\Admin\jadwalujian->index()
 6 SYSTEMPATH\CodeIgniter.php(507): CodeIgniter\CodeIgniter->runController(Object(App\Controllers\Admin\jadwalujian))
 7 SYSTEMPATH\CodeIgniter.php(354): CodeIgniter\CodeIgniter->handleRequest(null, Object(Config\Cache), false)
 8 SYSTEMPATH\Boot.php(334): CodeIgniter\CodeIgniter->run()
 9 SYSTEMPATH\Boot.php(67): CodeIgniter\Boot::runCodeIgniter(Object(CodeIgniter\CodeIgniter))
10 FCPATH\index.php(59): CodeIgniter\Boot::bootWeb(Object(Config\Paths))
11 SYSTEMPATH\rewrite.php(44): require_once('C:\\laragon\\www\\cbt-aktara-v2\\public\\index.php')
CRITICAL - 2025-07-16 14:15:40 --> [Caused by] CodeIgniter\Database\Exceptions\DatabaseException: Unknown column 'jenis_ujian.id' in 'on clause'
in SYSTEMPATH\Database\MySQLi\Connection.php on line 332.
 1 SYSTEMPATH\Database\BaseConnection.php(738): CodeIgniter\Database\MySQLi\Connection->execute('SELECT `jadwal_ujian`.*, `mata_pelajaran`.`nama_mapel`, `bank_soal`.`bank_code`, `jenis_ujian`.`jenis_ujian`, `sekolah`.`nama_sekolah`
FROM `jadwal_ujian`
LEFT JOIN `mata_pelajaran` ON `mata_pelajaran`.`id` = `jadwal_ujian`.`id_mapel`
LEFT JOIN `bank_soal` ON `bank_soal`.`id_bank` = `jadwal_ujian`.`id_bank`
LEFT JOIN `jenis_ujian` ON `jenis_ujian`.`id` = `jadwal_ujian`.`id_jenis_ujian`
LEFT JOIN `sekolah` ON `sekolah`.`id` = `jadwal_ujian`.`id_sekolah`')
 2 SYSTEMPATH\Database\BaseConnection.php(652): CodeIgniter\Database\BaseConnection->simpleQuery('SELECT `jadwal_ujian`.*, `mata_pelajaran`.`nama_mapel`, `bank_soal`.`bank_code`, `jenis_ujian`.`jenis_ujian`, `sekolah`.`nama_sekolah`
FROM `jadwal_ujian`
LEFT JOIN `mata_pelajaran` ON `mata_pelajaran`.`id` = `jadwal_ujian`.`id_mapel`
LEFT JOIN `bank_soal` ON `bank_soal`.`id_bank` = `jadwal_ujian`.`id_bank`
LEFT JOIN `jenis_ujian` ON `jenis_ujian`.`id` = `jadwal_ujian`.`id_jenis_ujian`
LEFT JOIN `sekolah` ON `sekolah`.`id` = `jadwal_ujian`.`id_sekolah`')
 3 SYSTEMPATH\Database\BaseBuilder.php(1649): CodeIgniter\Database\BaseConnection->query('SELECT `jadwal_ujian`.*, `mata_pelajaran`.`nama_mapel`, `bank_soal`.`bank_code`, `jenis_ujian`.`jenis_ujian`, `sekolah`.`nama_sekolah`
FROM `jadwal_ujian`
LEFT JOIN `mata_pelajaran` ON `mata_pelajaran`.`id` = `jadwal_ujian`.`id_mapel`
LEFT JOIN `bank_soal` ON `bank_soal`.`id_bank` = `jadwal_ujian`.`id_bank`
LEFT JOIN `jenis_ujian` ON `jenis_ujian`.`id` = `jadwal_ujian`.`id_jenis_ujian`
LEFT JOIN `sekolah` ON `sekolah`.`id` = `jadwal_ujian`.`id_sekolah`', [], false)
 4 SYSTEMPATH\Model.php(286): CodeIgniter\Database\BaseBuilder->get()
 5 SYSTEMPATH\BaseModel.php(679): CodeIgniter\Model->doFindAll(0, 0)
 6 APPPATH\Controllers\admin\jadwalujian.php(31): CodeIgniter\BaseModel->findAll()
 7 SYSTEMPATH\CodeIgniter.php(933): App\Controllers\Admin\jadwalujian->index()
 8 SYSTEMPATH\CodeIgniter.php(507): CodeIgniter\CodeIgniter->runController(Object(App\Controllers\Admin\jadwalujian))
 9 SYSTEMPATH\CodeIgniter.php(354): CodeIgniter\CodeIgniter->handleRequest(null, Object(Config\Cache), false)
10 SYSTEMPATH\Boot.php(334): CodeIgniter\CodeIgniter->run()
11 SYSTEMPATH\Boot.php(67): CodeIgniter\Boot::runCodeIgniter(Object(CodeIgniter\CodeIgniter))
12 FCPATH\index.php(59): CodeIgniter\Boot::bootWeb(Object(Config\Paths))
13 SYSTEMPATH\rewrite.php(44): require_once('C:\\laragon\\www\\cbt-aktara-v2\\public\\index.php')
CRITICAL - 2025-07-16 14:15:40 --> [Caused by] mysqli_sql_exception: Unknown column 'jenis_ujian.id' in 'on clause'
in SYSTEMPATH\Database\MySQLi\Connection.php on line 327.
 1 SYSTEMPATH\Database\MySQLi\Connection.php(327): mysqli->query('SELECT `jadwal_ujian`.*, `mata_pelajaran`.`nama_mapel`, `bank_soal`.`bank_code`, `jenis_ujian`.`jenis_ujian`, `sekolah`.`nama_sekolah`
FROM `jadwal_ujian`
LEFT JOIN `mata_pelajaran` ON `mata_pelajaran`.`id` = `jadwal_ujian`.`id_mapel`
LEFT JOIN `bank_soal` ON `bank_soal`.`id_bank` = `jadwal_ujian`.`id_bank`
LEFT JOIN `jenis_ujian` ON `jenis_ujian`.`id` = `jadwal_ujian`.`id_jenis_ujian`
LEFT JOIN `sekolah` ON `sekolah`.`id` = `jadwal_ujian`.`id_sekolah`', 0)
 2 SYSTEMPATH\Database\BaseConnection.php(738): CodeIgniter\Database\MySQLi\Connection->execute('SELECT `jadwal_ujian`.*, `mata_pelajaran`.`nama_mapel`, `bank_soal`.`bank_code`, `jenis_ujian`.`jenis_ujian`, `sekolah`.`nama_sekolah`
FROM `jadwal_ujian`
LEFT JOIN `mata_pelajaran` ON `mata_pelajaran`.`id` = `jadwal_ujian`.`id_mapel`
LEFT JOIN `bank_soal` ON `bank_soal`.`id_bank` = `jadwal_ujian`.`id_bank`
LEFT JOIN `jenis_ujian` ON `jenis_ujian`.`id` = `jadwal_ujian`.`id_jenis_ujian`
LEFT JOIN `sekolah` ON `sekolah`.`id` = `jadwal_ujian`.`id_sekolah`')
 3 SYSTEMPATH\Database\BaseConnection.php(652): CodeIgniter\Database\BaseConnection->simpleQuery('SELECT `jadwal_ujian`.*, `mata_pelajaran`.`nama_mapel`, `bank_soal`.`bank_code`, `jenis_ujian`.`jenis_ujian`, `sekolah`.`nama_sekolah`
FROM `jadwal_ujian`
LEFT JOIN `mata_pelajaran` ON `mata_pelajaran`.`id` = `jadwal_ujian`.`id_mapel`
LEFT JOIN `bank_soal` ON `bank_soal`.`id_bank` = `jadwal_ujian`.`id_bank`
LEFT JOIN `jenis_ujian` ON `jenis_ujian`.`id` = `jadwal_ujian`.`id_jenis_ujian`
LEFT JOIN `sekolah` ON `sekolah`.`id` = `jadwal_ujian`.`id_sekolah`')
 4 SYSTEMPATH\Database\BaseBuilder.php(1649): CodeIgniter\Database\BaseConnection->query('SELECT `jadwal_ujian`.*, `mata_pelajaran`.`nama_mapel`, `bank_soal`.`bank_code`, `jenis_ujian`.`jenis_ujian`, `sekolah`.`nama_sekolah`
FROM `jadwal_ujian`
LEFT JOIN `mata_pelajaran` ON `mata_pelajaran`.`id` = `jadwal_ujian`.`id_mapel`
LEFT JOIN `bank_soal` ON `bank_soal`.`id_bank` = `jadwal_ujian`.`id_bank`
LEFT JOIN `jenis_ujian` ON `jenis_ujian`.`id` = `jadwal_ujian`.`id_jenis_ujian`
LEFT JOIN `sekolah` ON `sekolah`.`id` = `jadwal_ujian`.`id_sekolah`', [], false)
 5 SYSTEMPATH\Model.php(286): CodeIgniter\Database\BaseBuilder->get()
 6 SYSTEMPATH\BaseModel.php(679): CodeIgniter\Model->doFindAll(0, 0)
 7 APPPATH\Controllers\admin\jadwalujian.php(31): CodeIgniter\BaseModel->findAll()
 8 SYSTEMPATH\CodeIgniter.php(933): App\Controllers\Admin\jadwalujian->index()
 9 SYSTEMPATH\CodeIgniter.php(507): CodeIgniter\CodeIgniter->runController(Object(App\Controllers\Admin\jadwalujian))
10 SYSTEMPATH\CodeIgniter.php(354): CodeIgniter\CodeIgniter->handleRequest(null, Object(Config\Cache), false)
11 SYSTEMPATH\Boot.php(334): CodeIgniter\CodeIgniter->run()
12 SYSTEMPATH\Boot.php(67): CodeIgniter\Boot::runCodeIgniter(Object(CodeIgniter\CodeIgniter))
13 FCPATH\index.php(59): CodeIgniter\Boot::bootWeb(Object(Config\Paths))
14 SYSTEMPATH\rewrite.php(44): require_once('C:\\laragon\\www\\cbt-aktara-v2\\public\\index.php')
ERROR - 2025-07-16 14:17:49 --> mysqli_sql_exception: Unknown column 'jenis_ujian.id' in 'on clause' in C:\laragon\www\cbt-aktara-v2\vendor\codeigniter4\framework\system\Database\MySQLi\Connection.php:327
Stack trace:
#0 C:\laragon\www\cbt-aktara-v2\vendor\codeigniter4\framework\system\Database\MySQLi\Connection.php(327): mysqli->query('SELECT `jadwal_...', 0)
#1 C:\laragon\www\cbt-aktara-v2\vendor\codeigniter4\framework\system\Database\BaseConnection.php(738): CodeIgniter\Database\MySQLi\Connection->execute('SELECT `jadwal_...')
#2 C:\laragon\www\cbt-aktara-v2\vendor\codeigniter4\framework\system\Database\BaseConnection.php(652): CodeIgniter\Database\BaseConnection->simpleQuery('SELECT `jadwal_...')
#3 C:\laragon\www\cbt-aktara-v2\vendor\codeigniter4\framework\system\Database\BaseBuilder.php(1649): CodeIgniter\Database\BaseConnection->query('SELECT `jadwal_...', Array, false)
#4 C:\laragon\www\cbt-aktara-v2\vendor\codeigniter4\framework\system\Model.php(286): CodeIgniter\Database\BaseBuilder->get()
#5 C:\laragon\www\cbt-aktara-v2\vendor\codeigniter4\framework\system\BaseModel.php(679): CodeIgniter\Model->doFindAll(0, 0)
#6 C:\laragon\www\cbt-aktara-v2\app\Controllers\admin\jadwalujian.php(31): CodeIgniter\BaseModel->findAll()
#7 C:\laragon\www\cbt-aktara-v2\vendor\codeigniter4\framework\system\CodeIgniter.php(933): App\Controllers\Admin\jadwalujian->index()
#8 C:\laragon\www\cbt-aktara-v2\vendor\codeigniter4\framework\system\CodeIgniter.php(507): CodeIgniter\CodeIgniter->runController(Object(App\Controllers\Admin\jadwalujian))
#9 C:\laragon\www\cbt-aktara-v2\vendor\codeigniter4\framework\system\CodeIgniter.php(354): CodeIgniter\CodeIgniter->handleRequest(NULL, Object(Config\Cache), false)
#10 C:\laragon\www\cbt-aktara-v2\vendor\codeigniter4\framework\system\Boot.php(334): CodeIgniter\CodeIgniter->run()
#11 C:\laragon\www\cbt-aktara-v2\vendor\codeigniter4\framework\system\Boot.php(67): CodeIgniter\Boot::runCodeIgniter(Object(CodeIgniter\CodeIgniter))
#12 C:\laragon\www\cbt-aktara-v2\public\index.php(59): CodeIgniter\Boot::bootWeb(Object(Config\Paths))
#13 C:\laragon\www\cbt-aktara-v2\vendor\codeigniter4\framework\system\rewrite.php(44): require_once('C:\\laragon\\www\\...')
#14 {main}
CRITICAL - 2025-07-16 14:17:49 --> CodeIgniter\Database\Exceptions\DatabaseException: Unknown column 'jenis_ujian.id' in 'on clause'
[Method: GET, Route: admin/jadwalujian]
in SYSTEMPATH\Database\BaseConnection.php on line 692.
 1 SYSTEMPATH\Database\BaseBuilder.php(1649): CodeIgniter\Database\BaseConnection->query('SELECT `jadwal_ujian`.*, `mata_pelajaran`.`nama_mapel`, `bank_soal`.`bank_code`, `jenis_ujian`.`jenis_ujian`, `sekolah`.`nama_sekolah`
FROM `jadwal_ujian`
LEFT JOIN `mata_pelajaran` ON `mata_pelajaran`.`id` = `jadwal_ujian`.`id_mapel`
LEFT JOIN `bank_soal` ON `bank_soal`.`id_bank` = `jadwal_ujian`.`id_bank`
LEFT JOIN `jenis_ujian` ON `jenis_ujian`.`id` = `jadwal_ujian`.`id_jenis_ujian`
LEFT JOIN `sekolah` ON `sekolah`.`id` = `jadwal_ujian`.`id_sekolah`', [], false)
 2 SYSTEMPATH\Model.php(286): CodeIgniter\Database\BaseBuilder->get()
 3 SYSTEMPATH\BaseModel.php(679): CodeIgniter\Model->doFindAll(0, 0)
 4 APPPATH\Controllers\admin\jadwalujian.php(31): CodeIgniter\BaseModel->findAll()
 5 SYSTEMPATH\CodeIgniter.php(933): App\Controllers\Admin\jadwalujian->index()
 6 SYSTEMPATH\CodeIgniter.php(507): CodeIgniter\CodeIgniter->runController(Object(App\Controllers\Admin\jadwalujian))
 7 SYSTEMPATH\CodeIgniter.php(354): CodeIgniter\CodeIgniter->handleRequest(null, Object(Config\Cache), false)
 8 SYSTEMPATH\Boot.php(334): CodeIgniter\CodeIgniter->run()
 9 SYSTEMPATH\Boot.php(67): CodeIgniter\Boot::runCodeIgniter(Object(CodeIgniter\CodeIgniter))
10 FCPATH\index.php(59): CodeIgniter\Boot::bootWeb(Object(Config\Paths))
11 SYSTEMPATH\rewrite.php(44): require_once('C:\\laragon\\www\\cbt-aktara-v2\\public\\index.php')
CRITICAL - 2025-07-16 14:17:49 --> [Caused by] CodeIgniter\Database\Exceptions\DatabaseException: Unknown column 'jenis_ujian.id' in 'on clause'
in SYSTEMPATH\Database\MySQLi\Connection.php on line 332.
 1 SYSTEMPATH\Database\BaseConnection.php(738): CodeIgniter\Database\MySQLi\Connection->execute('SELECT `jadwal_ujian`.*, `mata_pelajaran`.`nama_mapel`, `bank_soal`.`bank_code`, `jenis_ujian`.`jenis_ujian`, `sekolah`.`nama_sekolah`
FROM `jadwal_ujian`
LEFT JOIN `mata_pelajaran` ON `mata_pelajaran`.`id` = `jadwal_ujian`.`id_mapel`
LEFT JOIN `bank_soal` ON `bank_soal`.`id_bank` = `jadwal_ujian`.`id_bank`
LEFT JOIN `jenis_ujian` ON `jenis_ujian`.`id` = `jadwal_ujian`.`id_jenis_ujian`
LEFT JOIN `sekolah` ON `sekolah`.`id` = `jadwal_ujian`.`id_sekolah`')
 2 SYSTEMPATH\Database\BaseConnection.php(652): CodeIgniter\Database\BaseConnection->simpleQuery('SELECT `jadwal_ujian`.*, `mata_pelajaran`.`nama_mapel`, `bank_soal`.`bank_code`, `jenis_ujian`.`jenis_ujian`, `sekolah`.`nama_sekolah`
FROM `jadwal_ujian`
LEFT JOIN `mata_pelajaran` ON `mata_pelajaran`.`id` = `jadwal_ujian`.`id_mapel`
LEFT JOIN `bank_soal` ON `bank_soal`.`id_bank` = `jadwal_ujian`.`id_bank`
LEFT JOIN `jenis_ujian` ON `jenis_ujian`.`id` = `jadwal_ujian`.`id_jenis_ujian`
LEFT JOIN `sekolah` ON `sekolah`.`id` = `jadwal_ujian`.`id_sekolah`')
 3 SYSTEMPATH\Database\BaseBuilder.php(1649): CodeIgniter\Database\BaseConnection->query('SELECT `jadwal_ujian`.*, `mata_pelajaran`.`nama_mapel`, `bank_soal`.`bank_code`, `jenis_ujian`.`jenis_ujian`, `sekolah`.`nama_sekolah`
FROM `jadwal_ujian`
LEFT JOIN `mata_pelajaran` ON `mata_pelajaran`.`id` = `jadwal_ujian`.`id_mapel`
LEFT JOIN `bank_soal` ON `bank_soal`.`id_bank` = `jadwal_ujian`.`id_bank`
LEFT JOIN `jenis_ujian` ON `jenis_ujian`.`id` = `jadwal_ujian`.`id_jenis_ujian`
LEFT JOIN `sekolah` ON `sekolah`.`id` = `jadwal_ujian`.`id_sekolah`', [], false)
 4 SYSTEMPATH\Model.php(286): CodeIgniter\Database\BaseBuilder->get()
 5 SYSTEMPATH\BaseModel.php(679): CodeIgniter\Model->doFindAll(0, 0)
 6 APPPATH\Controllers\admin\jadwalujian.php(31): CodeIgniter\BaseModel->findAll()
 7 SYSTEMPATH\CodeIgniter.php(933): App\Controllers\Admin\jadwalujian->index()
 8 SYSTEMPATH\CodeIgniter.php(507): CodeIgniter\CodeIgniter->runController(Object(App\Controllers\Admin\jadwalujian))
 9 SYSTEMPATH\CodeIgniter.php(354): CodeIgniter\CodeIgniter->handleRequest(null, Object(Config\Cache), false)
10 SYSTEMPATH\Boot.php(334): CodeIgniter\CodeIgniter->run()
11 SYSTEMPATH\Boot.php(67): CodeIgniter\Boot::runCodeIgniter(Object(CodeIgniter\CodeIgniter))
12 FCPATH\index.php(59): CodeIgniter\Boot::bootWeb(Object(Config\Paths))
13 SYSTEMPATH\rewrite.php(44): require_once('C:\\laragon\\www\\cbt-aktara-v2\\public\\index.php')
CRITICAL - 2025-07-16 14:17:49 --> [Caused by] mysqli_sql_exception: Unknown column 'jenis_ujian.id' in 'on clause'
in SYSTEMPATH\Database\MySQLi\Connection.php on line 327.
 1 SYSTEMPATH\Database\MySQLi\Connection.php(327): mysqli->query('SELECT `jadwal_ujian`.*, `mata_pelajaran`.`nama_mapel`, `bank_soal`.`bank_code`, `jenis_ujian`.`jenis_ujian`, `sekolah`.`nama_sekolah`
FROM `jadwal_ujian`
LEFT JOIN `mata_pelajaran` ON `mata_pelajaran`.`id` = `jadwal_ujian`.`id_mapel`
LEFT JOIN `bank_soal` ON `bank_soal`.`id_bank` = `jadwal_ujian`.`id_bank`
LEFT JOIN `jenis_ujian` ON `jenis_ujian`.`id` = `jadwal_ujian`.`id_jenis_ujian`
LEFT JOIN `sekolah` ON `sekolah`.`id` = `jadwal_ujian`.`id_sekolah`', 0)
 2 SYSTEMPATH\Database\BaseConnection.php(738): CodeIgniter\Database\MySQLi\Connection->execute('SELECT `jadwal_ujian`.*, `mata_pelajaran`.`nama_mapel`, `bank_soal`.`bank_code`, `jenis_ujian`.`jenis_ujian`, `sekolah`.`nama_sekolah`
FROM `jadwal_ujian`
LEFT JOIN `mata_pelajaran` ON `mata_pelajaran`.`id` = `jadwal_ujian`.`id_mapel`
LEFT JOIN `bank_soal` ON `bank_soal`.`id_bank` = `jadwal_ujian`.`id_bank`
LEFT JOIN `jenis_ujian` ON `jenis_ujian`.`id` = `jadwal_ujian`.`id_jenis_ujian`
LEFT JOIN `sekolah` ON `sekolah`.`id` = `jadwal_ujian`.`id_sekolah`')
 3 SYSTEMPATH\Database\BaseConnection.php(652): CodeIgniter\Database\BaseConnection->simpleQuery('SELECT `jadwal_ujian`.*, `mata_pelajaran`.`nama_mapel`, `bank_soal`.`bank_code`, `jenis_ujian`.`jenis_ujian`, `sekolah`.`nama_sekolah`
FROM `jadwal_ujian`
LEFT JOIN `mata_pelajaran` ON `mata_pelajaran`.`id` = `jadwal_ujian`.`id_mapel`
LEFT JOIN `bank_soal` ON `bank_soal`.`id_bank` = `jadwal_ujian`.`id_bank`
LEFT JOIN `jenis_ujian` ON `jenis_ujian`.`id` = `jadwal_ujian`.`id_jenis_ujian`
LEFT JOIN `sekolah` ON `sekolah`.`id` = `jadwal_ujian`.`id_sekolah`')
 4 SYSTEMPATH\Database\BaseBuilder.php(1649): CodeIgniter\Database\BaseConnection->query('SELECT `jadwal_ujian`.*, `mata_pelajaran`.`nama_mapel`, `bank_soal`.`bank_code`, `jenis_ujian`.`jenis_ujian`, `sekolah`.`nama_sekolah`
FROM `jadwal_ujian`
LEFT JOIN `mata_pelajaran` ON `mata_pelajaran`.`id` = `jadwal_ujian`.`id_mapel`
LEFT JOIN `bank_soal` ON `bank_soal`.`id_bank` = `jadwal_ujian`.`id_bank`
LEFT JOIN `jenis_ujian` ON `jenis_ujian`.`id` = `jadwal_ujian`.`id_jenis_ujian`
LEFT JOIN `sekolah` ON `sekolah`.`id` = `jadwal_ujian`.`id_sekolah`', [], false)
 5 SYSTEMPATH\Model.php(286): CodeIgniter\Database\BaseBuilder->get()
 6 SYSTEMPATH\BaseModel.php(679): CodeIgniter\Model->doFindAll(0, 0)
 7 APPPATH\Controllers\admin\jadwalujian.php(31): CodeIgniter\BaseModel->findAll()
 8 SYSTEMPATH\CodeIgniter.php(933): App\Controllers\Admin\jadwalujian->index()
 9 SYSTEMPATH\CodeIgniter.php(507): CodeIgniter\CodeIgniter->runController(Object(App\Controllers\Admin\jadwalujian))
10 SYSTEMPATH\CodeIgniter.php(354): CodeIgniter\CodeIgniter->handleRequest(null, Object(Config\Cache), false)
11 SYSTEMPATH\Boot.php(334): CodeIgniter\CodeIgniter->run()
12 SYSTEMPATH\Boot.php(67): CodeIgniter\Boot::runCodeIgniter(Object(CodeIgniter\CodeIgniter))
13 FCPATH\index.php(59): CodeIgniter\Boot::bootWeb(Object(Config\Paths))
14 SYSTEMPATH\rewrite.php(44): require_once('C:\\laragon\\www\\cbt-aktara-v2\\public\\index.php')
DEBUG - 2025-07-16 14:22:53 --> Session: Class initialized using 'CodeIgniter\Session\Handlers\FileHandler' driver.
DEBUG - 2025-07-16 14:23:04 --> Session: Class initialized using 'CodeIgniter\Session\Handlers\FileHandler' driver.
DEBUG - 2025-07-16 14:23:41 --> Session: Class initialized using 'CodeIgniter\Session\Handlers\FileHandler' driver.
DEBUG - 2025-07-16 14:23:47 --> Session: Class initialized using 'CodeIgniter\Session\Handlers\FileHandler' driver.
ERROR - 2025-07-16 14:24:34 --> mysqli_sql_exception: Cannot add or update a child row: a foreign key constraint fails (`admin`.`jadwal_ujian`, CONSTRAINT `jadwal_ujian_ibfk_4` FOREIGN KEY (`id_sekolah`) REFERENCES `sekolah` (`id`)) in C:\laragon\www\cbt-aktara-v2\vendor\codeigniter4\framework\system\Database\MySQLi\Connection.php:327
Stack trace:
#0 C:\laragon\www\cbt-aktara-v2\vendor\codeigniter4\framework\system\Database\MySQLi\Connection.php(327): mysqli->query('INSERT INTO `ja...', 0)
#1 C:\laragon\www\cbt-aktara-v2\vendor\codeigniter4\framework\system\Database\BaseConnection.php(738): CodeIgniter\Database\MySQLi\Connection->execute('INSERT INTO `ja...')
#2 C:\laragon\www\cbt-aktara-v2\vendor\codeigniter4\framework\system\Database\BaseConnection.php(652): CodeIgniter\Database\BaseConnection->simpleQuery('INSERT INTO `ja...')
#3 C:\laragon\www\cbt-aktara-v2\vendor\codeigniter4\framework\system\Database\BaseBuilder.php(2345): CodeIgniter\Database\BaseConnection->query('INSERT INTO `ja...', Array, false)
#4 C:\laragon\www\cbt-aktara-v2\vendor\codeigniter4\framework\system\Model.php(394): CodeIgniter\Database\BaseBuilder->insert()
#5 C:\laragon\www\cbt-aktara-v2\vendor\codeigniter4\framework\system\BaseModel.php(843): CodeIgniter\Model->doInsert(Array)
#6 C:\laragon\www\cbt-aktara-v2\vendor\codeigniter4\framework\system\Model.php(800): CodeIgniter\BaseModel->insert(Array, true)
#7 C:\laragon\www\cbt-aktara-v2\app\Controllers\admin\jadwalujian.php(58): CodeIgniter\Model->insert(Array)
#8 C:\laragon\www\cbt-aktara-v2\vendor\codeigniter4\framework\system\CodeIgniter.php(933): App\Controllers\Admin\jadwalujian->store()
#9 C:\laragon\www\cbt-aktara-v2\vendor\codeigniter4\framework\system\CodeIgniter.php(507): CodeIgniter\CodeIgniter->runController(Object(App\Controllers\Admin\jadwalujian))
#10 C:\laragon\www\cbt-aktara-v2\vendor\codeigniter4\framework\system\CodeIgniter.php(354): CodeIgniter\CodeIgniter->handleRequest(NULL, Object(Config\Cache), false)
#11 C:\laragon\www\cbt-aktara-v2\vendor\codeigniter4\framework\system\Boot.php(334): CodeIgniter\CodeIgniter->run()
#12 C:\laragon\www\cbt-aktara-v2\vendor\codeigniter4\framework\system\Boot.php(67): CodeIgniter\Boot::runCodeIgniter(Object(CodeIgniter\CodeIgniter))
#13 C:\laragon\www\cbt-aktara-v2\public\index.php(59): CodeIgniter\Boot::bootWeb(Object(Config\Paths))
#14 C:\laragon\www\cbt-aktara-v2\vendor\codeigniter4\framework\system\rewrite.php(44): require_once('C:\\laragon\\www\\...')
#15 {main}
CRITICAL - 2025-07-16 14:24:34 --> CodeIgniter\Database\Exceptions\DatabaseException: Cannot add or update a child row: a foreign key constraint fails (`admin`.`jadwal_ujian`, CONSTRAINT `jadwal_ujian_ibfk_4` FOREIGN KEY (`id_sekolah`) REFERENCES `sekolah` (`id`))
[Method: POST, Route: admin/jadwalujian/store]
in SYSTEMPATH\Database\BaseConnection.php on line 692.
 1 SYSTEMPATH\Database\BaseBuilder.php(2345): CodeIgniter\Database\BaseConnection->query('INSERT INTO `jadwal_ujian` (`id_mapel`, `id_bank`, `id_jenis_ujian`, `tanggal_mulai`, `tanggal_tenggat`, `durasi`, `durasi_minimal`, `acak_soal`, `token`, `status`, `id_sekolah`) VALUES (:id_mapel:, :id_bank:, :id_jenis_ujian:, :tanggal_mulai:, :tanggal_tenggat:, :durasi:, :durasi_minimal:, :acak_soal:, :token:, :status:, :id_sekolah:)', [...], false)
 2 SYSTEMPATH\Model.php(394): CodeIgniter\Database\BaseBuilder->insert()
 3 SYSTEMPATH\BaseModel.php(843): CodeIgniter\Model->doInsert([...])
 4 SYSTEMPATH\Model.php(800): CodeIgniter\BaseModel->insert([...], true)
 5 APPPATH\Controllers\admin\jadwalujian.php(58): CodeIgniter\Model->insert([...])
 6 SYSTEMPATH\CodeIgniter.php(933): App\Controllers\Admin\jadwalujian->store()
 7 SYSTEMPATH\CodeIgniter.php(507): CodeIgniter\CodeIgniter->runController(Object(App\Controllers\Admin\jadwalujian))
 8 SYSTEMPATH\CodeIgniter.php(354): CodeIgniter\CodeIgniter->handleRequest(null, Object(Config\Cache), false)
 9 SYSTEMPATH\Boot.php(334): CodeIgniter\CodeIgniter->run()
10 SYSTEMPATH\Boot.php(67): CodeIgniter\Boot::runCodeIgniter(Object(CodeIgniter\CodeIgniter))
11 FCPATH\index.php(59): CodeIgniter\Boot::bootWeb(Object(Config\Paths))
12 SYSTEMPATH\rewrite.php(44): require_once('C:\\laragon\\www\\cbt-aktara-v2\\public\\index.php')
CRITICAL - 2025-07-16 14:24:34 --> [Caused by] CodeIgniter\Database\Exceptions\DatabaseException: Cannot add or update a child row: a foreign key constraint fails (`admin`.`jadwal_ujian`, CONSTRAINT `jadwal_ujian_ibfk_4` FOREIGN KEY (`id_sekolah`) REFERENCES `sekolah` (`id`))
in SYSTEMPATH\Database\MySQLi\Connection.php on line 332.
 1 SYSTEMPATH\Database\BaseConnection.php(738): CodeIgniter\Database\MySQLi\Connection->execute('INSERT INTO `jadwal_ujian` (`id_mapel`, `id_bank`, `id_jenis_ujian`, `tanggal_mulai`, `tanggal_tenggat`, `durasi`, `durasi_minimal`, `acak_soal`, `token`, `status`, `id_sekolah`) VALUES (\'1\', \'1\', \'1\', \'2025-07-16T21:23\', \'2025-07-17T21:24\', \'45\', \'25\', 1, 1, 1, \'\')')
 2 SYSTEMPATH\Database\BaseConnection.php(652): CodeIgniter\Database\BaseConnection->simpleQuery('INSERT INTO `jadwal_ujian` (`id_mapel`, `id_bank`, `id_jenis_ujian`, `tanggal_mulai`, `tanggal_tenggat`, `durasi`, `durasi_minimal`, `acak_soal`, `token`, `status`, `id_sekolah`) VALUES (\'1\', \'1\', \'1\', \'2025-07-16T21:23\', \'2025-07-17T21:24\', \'45\', \'25\', 1, 1, 1, \'\')')
 3 SYSTEMPATH\Database\BaseBuilder.php(2345): CodeIgniter\Database\BaseConnection->query('INSERT INTO `jadwal_ujian` (`id_mapel`, `id_bank`, `id_jenis_ujian`, `tanggal_mulai`, `tanggal_tenggat`, `durasi`, `durasi_minimal`, `acak_soal`, `token`, `status`, `id_sekolah`) VALUES (:id_mapel:, :id_bank:, :id_jenis_ujian:, :tanggal_mulai:, :tanggal_tenggat:, :durasi:, :durasi_minimal:, :acak_soal:, :token:, :status:, :id_sekolah:)', [...], false)
 4 SYSTEMPATH\Model.php(394): CodeIgniter\Database\BaseBuilder->insert()
 5 SYSTEMPATH\BaseModel.php(843): CodeIgniter\Model->doInsert([...])
 6 SYSTEMPATH\Model.php(800): CodeIgniter\BaseModel->insert([...], true)
 7 APPPATH\Controllers\admin\jadwalujian.php(58): CodeIgniter\Model->insert([...])
 8 SYSTEMPATH\CodeIgniter.php(933): App\Controllers\Admin\jadwalujian->store()
 9 SYSTEMPATH\CodeIgniter.php(507): CodeIgniter\CodeIgniter->runController(Object(App\Controllers\Admin\jadwalujian))
10 SYSTEMPATH\CodeIgniter.php(354): CodeIgniter\CodeIgniter->handleRequest(null, Object(Config\Cache), false)
11 SYSTEMPATH\Boot.php(334): CodeIgniter\CodeIgniter->run()
12 SYSTEMPATH\Boot.php(67): CodeIgniter\Boot::runCodeIgniter(Object(CodeIgniter\CodeIgniter))
13 FCPATH\index.php(59): CodeIgniter\Boot::bootWeb(Object(Config\Paths))
14 SYSTEMPATH\rewrite.php(44): require_once('C:\\laragon\\www\\cbt-aktara-v2\\public\\index.php')
CRITICAL - 2025-07-16 14:24:34 --> [Caused by] mysqli_sql_exception: Cannot add or update a child row: a foreign key constraint fails (`admin`.`jadwal_ujian`, CONSTRAINT `jadwal_ujian_ibfk_4` FOREIGN KEY (`id_sekolah`) REFERENCES `sekolah` (`id`))
in SYSTEMPATH\Database\MySQLi\Connection.php on line 327.
 1 SYSTEMPATH\Database\MySQLi\Connection.php(327): mysqli->query('INSERT INTO `jadwal_ujian` (`id_mapel`, `id_bank`, `id_jenis_ujian`, `tanggal_mulai`, `tanggal_tenggat`, `durasi`, `durasi_minimal`, `acak_soal`, `token`, `status`, `id_sekolah`) VALUES (\'1\', \'1\', \'1\', \'2025-07-16T21:23\', \'2025-07-17T21:24\', \'45\', \'25\', 1, 1, 1, \'\')', 0)
 2 SYSTEMPATH\Database\BaseConnection.php(738): CodeIgniter\Database\MySQLi\Connection->execute('INSERT INTO `jadwal_ujian` (`id_mapel`, `id_bank`, `id_jenis_ujian`, `tanggal_mulai`, `tanggal_tenggat`, `durasi`, `durasi_minimal`, `acak_soal`, `token`, `status`, `id_sekolah`) VALUES (\'1\', \'1\', \'1\', \'2025-07-16T21:23\', \'2025-07-17T21:24\', \'45\', \'25\', 1, 1, 1, \'\')')
 3 SYSTEMPATH\Database\BaseConnection.php(652): CodeIgniter\Database\BaseConnection->simpleQuery('INSERT INTO `jadwal_ujian` (`id_mapel`, `id_bank`, `id_jenis_ujian`, `tanggal_mulai`, `tanggal_tenggat`, `durasi`, `durasi_minimal`, `acak_soal`, `token`, `status`, `id_sekolah`) VALUES (\'1\', \'1\', \'1\', \'2025-07-16T21:23\', \'2025-07-17T21:24\', \'45\', \'25\', 1, 1, 1, \'\')')
 4 SYSTEMPATH\Database\BaseBuilder.php(2345): CodeIgniter\Database\BaseConnection->query('INSERT INTO `jadwal_ujian` (`id_mapel`, `id_bank`, `id_jenis_ujian`, `tanggal_mulai`, `tanggal_tenggat`, `durasi`, `durasi_minimal`, `acak_soal`, `token`, `status`, `id_sekolah`) VALUES (:id_mapel:, :id_bank:, :id_jenis_ujian:, :tanggal_mulai:, :tanggal_tenggat:, :durasi:, :durasi_minimal:, :acak_soal:, :token:, :status:, :id_sekolah:)', [...], false)
 5 SYSTEMPATH\Model.php(394): CodeIgniter\Database\BaseBuilder->insert()
 6 SYSTEMPATH\BaseModel.php(843): CodeIgniter\Model->doInsert([...])
 7 SYSTEMPATH\Model.php(800): CodeIgniter\BaseModel->insert([...], true)
 8 APPPATH\Controllers\admin\jadwalujian.php(58): CodeIgniter\Model->insert([...])
 9 SYSTEMPATH\CodeIgniter.php(933): App\Controllers\Admin\jadwalujian->store()
10 SYSTEMPATH\CodeIgniter.php(507): CodeIgniter\CodeIgniter->runController(Object(App\Controllers\Admin\jadwalujian))
11 SYSTEMPATH\CodeIgniter.php(354): CodeIgniter\CodeIgniter->handleRequest(null, Object(Config\Cache), false)
12 SYSTEMPATH\Boot.php(334): CodeIgniter\CodeIgniter->run()
13 SYSTEMPATH\Boot.php(67): CodeIgniter\Boot::runCodeIgniter(Object(CodeIgniter\CodeIgniter))
14 FCPATH\index.php(59): CodeIgniter\Boot::bootWeb(Object(Config\Paths))
15 SYSTEMPATH\rewrite.php(44): require_once('C:\\laragon\\www\\cbt-aktara-v2\\public\\index.php')
ERROR - 2025-07-16 14:28:29 --> mysqli_sql_exception: Cannot add or update a child row: a foreign key constraint fails (`admin`.`jadwal_ujian`, CONSTRAINT `jadwal_ujian_ibfk_4` FOREIGN KEY (`id_sekolah`) REFERENCES `sekolah` (`id`)) in C:\laragon\www\cbt-aktara-v2\vendor\codeigniter4\framework\system\Database\MySQLi\Connection.php:327
Stack trace:
#0 C:\laragon\www\cbt-aktara-v2\vendor\codeigniter4\framework\system\Database\MySQLi\Connection.php(327): mysqli->query('INSERT INTO `ja...', 0)
#1 C:\laragon\www\cbt-aktara-v2\vendor\codeigniter4\framework\system\Database\BaseConnection.php(738): CodeIgniter\Database\MySQLi\Connection->execute('INSERT INTO `ja...')
#2 C:\laragon\www\cbt-aktara-v2\vendor\codeigniter4\framework\system\Database\BaseConnection.php(652): CodeIgniter\Database\BaseConnection->simpleQuery('INSERT INTO `ja...')
#3 C:\laragon\www\cbt-aktara-v2\vendor\codeigniter4\framework\system\Database\BaseBuilder.php(2345): CodeIgniter\Database\BaseConnection->query('INSERT INTO `ja...', Array, false)
#4 C:\laragon\www\cbt-aktara-v2\vendor\codeigniter4\framework\system\Model.php(394): CodeIgniter\Database\BaseBuilder->insert()
#5 C:\laragon\www\cbt-aktara-v2\vendor\codeigniter4\framework\system\BaseModel.php(843): CodeIgniter\Model->doInsert(Array)
#6 C:\laragon\www\cbt-aktara-v2\vendor\codeigniter4\framework\system\Model.php(800): CodeIgniter\BaseModel->insert(Array, true)
#7 C:\laragon\www\cbt-aktara-v2\app\Controllers\admin\jadwalujian.php(58): CodeIgniter\Model->insert(Array)
#8 C:\laragon\www\cbt-aktara-v2\vendor\codeigniter4\framework\system\CodeIgniter.php(933): App\Controllers\Admin\jadwalujian->store()
#9 C:\laragon\www\cbt-aktara-v2\vendor\codeigniter4\framework\system\CodeIgniter.php(507): CodeIgniter\CodeIgniter->runController(Object(App\Controllers\Admin\jadwalujian))
#10 C:\laragon\www\cbt-aktara-v2\vendor\codeigniter4\framework\system\CodeIgniter.php(354): CodeIgniter\CodeIgniter->handleRequest(NULL, Object(Config\Cache), false)
#11 C:\laragon\www\cbt-aktara-v2\vendor\codeigniter4\framework\system\Boot.php(334): CodeIgniter\CodeIgniter->run()
#12 C:\laragon\www\cbt-aktara-v2\vendor\codeigniter4\framework\system\Boot.php(67): CodeIgniter\Boot::runCodeIgniter(Object(CodeIgniter\CodeIgniter))
#13 C:\laragon\www\cbt-aktara-v2\public\index.php(59): CodeIgniter\Boot::bootWeb(Object(Config\Paths))
#14 C:\laragon\www\cbt-aktara-v2\vendor\codeigniter4\framework\system\rewrite.php(44): require_once('C:\\laragon\\www\\...')
#15 {main}
CRITICAL - 2025-07-16 14:28:29 --> CodeIgniter\Database\Exceptions\DatabaseException: Cannot add or update a child row: a foreign key constraint fails (`admin`.`jadwal_ujian`, CONSTRAINT `jadwal_ujian_ibfk_4` FOREIGN KEY (`id_sekolah`) REFERENCES `sekolah` (`id`))
[Method: POST, Route: admin/jadwalujian/store]
in SYSTEMPATH\Database\BaseConnection.php on line 692.
 1 SYSTEMPATH\Database\BaseBuilder.php(2345): CodeIgniter\Database\BaseConnection->query('INSERT INTO `jadwal_ujian` (`id_mapel`, `id_bank`, `id_jenis_ujian`, `tanggal_mulai`, `tanggal_tenggat`, `durasi`, `durasi_minimal`, `acak_soal`, `token`, `status`, `id_sekolah`) VALUES (:id_mapel:, :id_bank:, :id_jenis_ujian:, :tanggal_mulai:, :tanggal_tenggat:, :durasi:, :durasi_minimal:, :acak_soal:, :token:, :status:, :id_sekolah:)', [...], false)
 2 SYSTEMPATH\Model.php(394): CodeIgniter\Database\BaseBuilder->insert()
 3 SYSTEMPATH\BaseModel.php(843): CodeIgniter\Model->doInsert([...])
 4 SYSTEMPATH\Model.php(800): CodeIgniter\BaseModel->insert([...], true)
 5 APPPATH\Controllers\admin\jadwalujian.php(58): CodeIgniter\Model->insert([...])
 6 SYSTEMPATH\CodeIgniter.php(933): App\Controllers\Admin\jadwalujian->store()
 7 SYSTEMPATH\CodeIgniter.php(507): CodeIgniter\CodeIgniter->runController(Object(App\Controllers\Admin\jadwalujian))
 8 SYSTEMPATH\CodeIgniter.php(354): CodeIgniter\CodeIgniter->handleRequest(null, Object(Config\Cache), false)
 9 SYSTEMPATH\Boot.php(334): CodeIgniter\CodeIgniter->run()
10 SYSTEMPATH\Boot.php(67): CodeIgniter\Boot::runCodeIgniter(Object(CodeIgniter\CodeIgniter))
11 FCPATH\index.php(59): CodeIgniter\Boot::bootWeb(Object(Config\Paths))
12 SYSTEMPATH\rewrite.php(44): require_once('C:\\laragon\\www\\cbt-aktara-v2\\public\\index.php')
CRITICAL - 2025-07-16 14:28:29 --> [Caused by] CodeIgniter\Database\Exceptions\DatabaseException: Cannot add or update a child row: a foreign key constraint fails (`admin`.`jadwal_ujian`, CONSTRAINT `jadwal_ujian_ibfk_4` FOREIGN KEY (`id_sekolah`) REFERENCES `sekolah` (`id`))
in SYSTEMPATH\Database\MySQLi\Connection.php on line 332.
 1 SYSTEMPATH\Database\BaseConnection.php(738): CodeIgniter\Database\MySQLi\Connection->execute('INSERT INTO `jadwal_ujian` (`id_mapel`, `id_bank`, `id_jenis_ujian`, `tanggal_mulai`, `tanggal_tenggat`, `durasi`, `durasi_minimal`, `acak_soal`, `token`, `status`, `id_sekolah`) VALUES (\'1\', \'1\', \'1\', \'2025-07-16T21:23\', \'2025-07-17T21:24\', \'45\', \'25\', 1, 1, 1, \'\')')
 2 SYSTEMPATH\Database\BaseConnection.php(652): CodeIgniter\Database\BaseConnection->simpleQuery('INSERT INTO `jadwal_ujian` (`id_mapel`, `id_bank`, `id_jenis_ujian`, `tanggal_mulai`, `tanggal_tenggat`, `durasi`, `durasi_minimal`, `acak_soal`, `token`, `status`, `id_sekolah`) VALUES (\'1\', \'1\', \'1\', \'2025-07-16T21:23\', \'2025-07-17T21:24\', \'45\', \'25\', 1, 1, 1, \'\')')
 3 SYSTEMPATH\Database\BaseBuilder.php(2345): CodeIgniter\Database\BaseConnection->query('INSERT INTO `jadwal_ujian` (`id_mapel`, `id_bank`, `id_jenis_ujian`, `tanggal_mulai`, `tanggal_tenggat`, `durasi`, `durasi_minimal`, `acak_soal`, `token`, `status`, `id_sekolah`) VALUES (:id_mapel:, :id_bank:, :id_jenis_ujian:, :tanggal_mulai:, :tanggal_tenggat:, :durasi:, :durasi_minimal:, :acak_soal:, :token:, :status:, :id_sekolah:)', [...], false)
 4 SYSTEMPATH\Model.php(394): CodeIgniter\Database\BaseBuilder->insert()
 5 SYSTEMPATH\BaseModel.php(843): CodeIgniter\Model->doInsert([...])
 6 SYSTEMPATH\Model.php(800): CodeIgniter\BaseModel->insert([...], true)
 7 APPPATH\Controllers\admin\jadwalujian.php(58): CodeIgniter\Model->insert([...])
 8 SYSTEMPATH\CodeIgniter.php(933): App\Controllers\Admin\jadwalujian->store()
 9 SYSTEMPATH\CodeIgniter.php(507): CodeIgniter\CodeIgniter->runController(Object(App\Controllers\Admin\jadwalujian))
10 SYSTEMPATH\CodeIgniter.php(354): CodeIgniter\CodeIgniter->handleRequest(null, Object(Config\Cache), false)
11 SYSTEMPATH\Boot.php(334): CodeIgniter\CodeIgniter->run()
12 SYSTEMPATH\Boot.php(67): CodeIgniter\Boot::runCodeIgniter(Object(CodeIgniter\CodeIgniter))
13 FCPATH\index.php(59): CodeIgniter\Boot::bootWeb(Object(Config\Paths))
14 SYSTEMPATH\rewrite.php(44): require_once('C:\\laragon\\www\\cbt-aktara-v2\\public\\index.php')
CRITICAL - 2025-07-16 14:28:29 --> [Caused by] mysqli_sql_exception: Cannot add or update a child row: a foreign key constraint fails (`admin`.`jadwal_ujian`, CONSTRAINT `jadwal_ujian_ibfk_4` FOREIGN KEY (`id_sekolah`) REFERENCES `sekolah` (`id`))
in SYSTEMPATH\Database\MySQLi\Connection.php on line 327.
 1 SYSTEMPATH\Database\MySQLi\Connection.php(327): mysqli->query('INSERT INTO `jadwal_ujian` (`id_mapel`, `id_bank`, `id_jenis_ujian`, `tanggal_mulai`, `tanggal_tenggat`, `durasi`, `durasi_minimal`, `acak_soal`, `token`, `status`, `id_sekolah`) VALUES (\'1\', \'1\', \'1\', \'2025-07-16T21:23\', \'2025-07-17T21:24\', \'45\', \'25\', 1, 1, 1, \'\')', 0)
 2 SYSTEMPATH\Database\BaseConnection.php(738): CodeIgniter\Database\MySQLi\Connection->execute('INSERT INTO `jadwal_ujian` (`id_mapel`, `id_bank`, `id_jenis_ujian`, `tanggal_mulai`, `tanggal_tenggat`, `durasi`, `durasi_minimal`, `acak_soal`, `token`, `status`, `id_sekolah`) VALUES (\'1\', \'1\', \'1\', \'2025-07-16T21:23\', \'2025-07-17T21:24\', \'45\', \'25\', 1, 1, 1, \'\')')
 3 SYSTEMPATH\Database\BaseConnection.php(652): CodeIgniter\Database\BaseConnection->simpleQuery('INSERT INTO `jadwal_ujian` (`id_mapel`, `id_bank`, `id_jenis_ujian`, `tanggal_mulai`, `tanggal_tenggat`, `durasi`, `durasi_minimal`, `acak_soal`, `token`, `status`, `id_sekolah`) VALUES (\'1\', \'1\', \'1\', \'2025-07-16T21:23\', \'2025-07-17T21:24\', \'45\', \'25\', 1, 1, 1, \'\')')
 4 SYSTEMPATH\Database\BaseBuilder.php(2345): CodeIgniter\Database\BaseConnection->query('INSERT INTO `jadwal_ujian` (`id_mapel`, `id_bank`, `id_jenis_ujian`, `tanggal_mulai`, `tanggal_tenggat`, `durasi`, `durasi_minimal`, `acak_soal`, `token`, `status`, `id_sekolah`) VALUES (:id_mapel:, :id_bank:, :id_jenis_ujian:, :tanggal_mulai:, :tanggal_tenggat:, :durasi:, :durasi_minimal:, :acak_soal:, :token:, :status:, :id_sekolah:)', [...], false)
 5 SYSTEMPATH\Model.php(394): CodeIgniter\Database\BaseBuilder->insert()
 6 SYSTEMPATH\BaseModel.php(843): CodeIgniter\Model->doInsert([...])
 7 SYSTEMPATH\Model.php(800): CodeIgniter\BaseModel->insert([...], true)
 8 APPPATH\Controllers\admin\jadwalujian.php(58): CodeIgniter\Model->insert([...])
 9 SYSTEMPATH\CodeIgniter.php(933): App\Controllers\Admin\jadwalujian->store()
10 SYSTEMPATH\CodeIgniter.php(507): CodeIgniter\CodeIgniter->runController(Object(App\Controllers\Admin\jadwalujian))
11 SYSTEMPATH\CodeIgniter.php(354): CodeIgniter\CodeIgniter->handleRequest(null, Object(Config\Cache), false)
12 SYSTEMPATH\Boot.php(334): CodeIgniter\CodeIgniter->run()
13 SYSTEMPATH\Boot.php(67): CodeIgniter\Boot::runCodeIgniter(Object(CodeIgniter\CodeIgniter))
14 FCPATH\index.php(59): CodeIgniter\Boot::bootWeb(Object(Config\Paths))
15 SYSTEMPATH\rewrite.php(44): require_once('C:\\laragon\\www\\cbt-aktara-v2\\public\\index.php')
ERROR - 2025-07-16 14:38:42 --> mysqli_sql_exception: Cannot add or update a child row: a foreign key constraint fails (`admin`.`jadwal_ujian`, CONSTRAINT `jadwal_ujian_ibfk_4` FOREIGN KEY (`id_sekolah`) REFERENCES `sekolah` (`id`)) in C:\laragon\www\cbt-aktara-v2\vendor\codeigniter4\framework\system\Database\MySQLi\Connection.php:327
Stack trace:
#0 C:\laragon\www\cbt-aktara-v2\vendor\codeigniter4\framework\system\Database\MySQLi\Connection.php(327): mysqli->query('INSERT INTO `ja...', 0)
#1 C:\laragon\www\cbt-aktara-v2\vendor\codeigniter4\framework\system\Database\BaseConnection.php(738): CodeIgniter\Database\MySQLi\Connection->execute('INSERT INTO `ja...')
#2 C:\laragon\www\cbt-aktara-v2\vendor\codeigniter4\framework\system\Database\BaseConnection.php(652): CodeIgniter\Database\BaseConnection->simpleQuery('INSERT INTO `ja...')
#3 C:\laragon\www\cbt-aktara-v2\vendor\codeigniter4\framework\system\Database\BaseBuilder.php(2345): CodeIgniter\Database\BaseConnection->query('INSERT INTO `ja...', Array, false)
#4 C:\laragon\www\cbt-aktara-v2\vendor\codeigniter4\framework\system\Model.php(394): CodeIgniter\Database\BaseBuilder->insert()
#5 C:\laragon\www\cbt-aktara-v2\vendor\codeigniter4\framework\system\BaseModel.php(843): CodeIgniter\Model->doInsert(Array)
#6 C:\laragon\www\cbt-aktara-v2\vendor\codeigniter4\framework\system\Model.php(800): CodeIgniter\BaseModel->insert(Array, true)
#7 C:\laragon\www\cbt-aktara-v2\app\Controllers\admin\jadwalujian.php(58): CodeIgniter\Model->insert(Array)
#8 C:\laragon\www\cbt-aktara-v2\vendor\codeigniter4\framework\system\CodeIgniter.php(933): App\Controllers\Admin\jadwalujian->store()
#9 C:\laragon\www\cbt-aktara-v2\vendor\codeigniter4\framework\system\CodeIgniter.php(507): CodeIgniter\CodeIgniter->runController(Object(App\Controllers\Admin\jadwalujian))
#10 C:\laragon\www\cbt-aktara-v2\vendor\codeigniter4\framework\system\CodeIgniter.php(354): CodeIgniter\CodeIgniter->handleRequest(NULL, Object(Config\Cache), false)
#11 C:\laragon\www\cbt-aktara-v2\vendor\codeigniter4\framework\system\Boot.php(334): CodeIgniter\CodeIgniter->run()
#12 C:\laragon\www\cbt-aktara-v2\vendor\codeigniter4\framework\system\Boot.php(67): CodeIgniter\Boot::runCodeIgniter(Object(CodeIgniter\CodeIgniter))
#13 C:\laragon\www\cbt-aktara-v2\public\index.php(59): CodeIgniter\Boot::bootWeb(Object(Config\Paths))
#14 C:\laragon\www\cbt-aktara-v2\vendor\codeigniter4\framework\system\rewrite.php(44): require_once('C:\\laragon\\www\\...')
#15 {main}
CRITICAL - 2025-07-16 14:38:42 --> CodeIgniter\Database\Exceptions\DatabaseException: Cannot add or update a child row: a foreign key constraint fails (`admin`.`jadwal_ujian`, CONSTRAINT `jadwal_ujian_ibfk_4` FOREIGN KEY (`id_sekolah`) REFERENCES `sekolah` (`id`))
[Method: POST, Route: admin/jadwalujian/store]
in SYSTEMPATH\Database\BaseConnection.php on line 692.
 1 SYSTEMPATH\Database\BaseBuilder.php(2345): CodeIgniter\Database\BaseConnection->query('INSERT INTO `jadwal_ujian` (`id_mapel`, `id_bank`, `id_jenis_ujian`, `tanggal_mulai`, `tanggal_tenggat`, `durasi`, `durasi_minimal`, `acak_soal`, `token`, `status`, `id_sekolah`) VALUES (:id_mapel:, :id_bank:, :id_jenis_ujian:, :tanggal_mulai:, :tanggal_tenggat:, :durasi:, :durasi_minimal:, :acak_soal:, :token:, :status:, :id_sekolah:)', [...], false)
 2 SYSTEMPATH\Model.php(394): CodeIgniter\Database\BaseBuilder->insert()
 3 SYSTEMPATH\BaseModel.php(843): CodeIgniter\Model->doInsert([...])
 4 SYSTEMPATH\Model.php(800): CodeIgniter\BaseModel->insert([...], true)
 5 APPPATH\Controllers\admin\jadwalujian.php(58): CodeIgniter\Model->insert([...])
 6 SYSTEMPATH\CodeIgniter.php(933): App\Controllers\Admin\jadwalujian->store()
 7 SYSTEMPATH\CodeIgniter.php(507): CodeIgniter\CodeIgniter->runController(Object(App\Controllers\Admin\jadwalujian))
 8 SYSTEMPATH\CodeIgniter.php(354): CodeIgniter\CodeIgniter->handleRequest(null, Object(Config\Cache), false)
 9 SYSTEMPATH\Boot.php(334): CodeIgniter\CodeIgniter->run()
10 SYSTEMPATH\Boot.php(67): CodeIgniter\Boot::runCodeIgniter(Object(CodeIgniter\CodeIgniter))
11 FCPATH\index.php(59): CodeIgniter\Boot::bootWeb(Object(Config\Paths))
12 SYSTEMPATH\rewrite.php(44): require_once('C:\\laragon\\www\\cbt-aktara-v2\\public\\index.php')
CRITICAL - 2025-07-16 14:38:42 --> [Caused by] CodeIgniter\Database\Exceptions\DatabaseException: Cannot add or update a child row: a foreign key constraint fails (`admin`.`jadwal_ujian`, CONSTRAINT `jadwal_ujian_ibfk_4` FOREIGN KEY (`id_sekolah`) REFERENCES `sekolah` (`id`))
in SYSTEMPATH\Database\MySQLi\Connection.php on line 332.
 1 SYSTEMPATH\Database\BaseConnection.php(738): CodeIgniter\Database\MySQLi\Connection->execute('INSERT INTO `jadwal_ujian` (`id_mapel`, `id_bank`, `id_jenis_ujian`, `tanggal_mulai`, `tanggal_tenggat`, `durasi`, `durasi_minimal`, `acak_soal`, `token`, `status`, `id_sekolah`) VALUES (\'1\', \'1\', \'1\', \'2025-07-16T21:23\', \'2025-07-17T21:24\', \'45\', \'25\', 1, 1, 1, \'\')')
 2 SYSTEMPATH\Database\BaseConnection.php(652): CodeIgniter\Database\BaseConnection->simpleQuery('INSERT INTO `jadwal_ujian` (`id_mapel`, `id_bank`, `id_jenis_ujian`, `tanggal_mulai`, `tanggal_tenggat`, `durasi`, `durasi_minimal`, `acak_soal`, `token`, `status`, `id_sekolah`) VALUES (\'1\', \'1\', \'1\', \'2025-07-16T21:23\', \'2025-07-17T21:24\', \'45\', \'25\', 1, 1, 1, \'\')')
 3 SYSTEMPATH\Database\BaseBuilder.php(2345): CodeIgniter\Database\BaseConnection->query('INSERT INTO `jadwal_ujian` (`id_mapel`, `id_bank`, `id_jenis_ujian`, `tanggal_mulai`, `tanggal_tenggat`, `durasi`, `durasi_minimal`, `acak_soal`, `token`, `status`, `id_sekolah`) VALUES (:id_mapel:, :id_bank:, :id_jenis_ujian:, :tanggal_mulai:, :tanggal_tenggat:, :durasi:, :durasi_minimal:, :acak_soal:, :token:, :status:, :id_sekolah:)', [...], false)
 4 SYSTEMPATH\Model.php(394): CodeIgniter\Database\BaseBuilder->insert()
 5 SYSTEMPATH\BaseModel.php(843): CodeIgniter\Model->doInsert([...])
 6 SYSTEMPATH\Model.php(800): CodeIgniter\BaseModel->insert([...], true)
 7 APPPATH\Controllers\admin\jadwalujian.php(58): CodeIgniter\Model->insert([...])
 8 SYSTEMPATH\CodeIgniter.php(933): App\Controllers\Admin\jadwalujian->store()
 9 SYSTEMPATH\CodeIgniter.php(507): CodeIgniter\CodeIgniter->runController(Object(App\Controllers\Admin\jadwalujian))
10 SYSTEMPATH\CodeIgniter.php(354): CodeIgniter\CodeIgniter->handleRequest(null, Object(Config\Cache), false)
11 SYSTEMPATH\Boot.php(334): CodeIgniter\CodeIgniter->run()
12 SYSTEMPATH\Boot.php(67): CodeIgniter\Boot::runCodeIgniter(Object(CodeIgniter\CodeIgniter))
13 FCPATH\index.php(59): CodeIgniter\Boot::bootWeb(Object(Config\Paths))
14 SYSTEMPATH\rewrite.php(44): require_once('C:\\laragon\\www\\cbt-aktara-v2\\public\\index.php')
CRITICAL - 2025-07-16 14:38:42 --> [Caused by] mysqli_sql_exception: Cannot add or update a child row: a foreign key constraint fails (`admin`.`jadwal_ujian`, CONSTRAINT `jadwal_ujian_ibfk_4` FOREIGN KEY (`id_sekolah`) REFERENCES `sekolah` (`id`))
in SYSTEMPATH\Database\MySQLi\Connection.php on line 327.
 1 SYSTEMPATH\Database\MySQLi\Connection.php(327): mysqli->query('INSERT INTO `jadwal_ujian` (`id_mapel`, `id_bank`, `id_jenis_ujian`, `tanggal_mulai`, `tanggal_tenggat`, `durasi`, `durasi_minimal`, `acak_soal`, `token`, `status`, `id_sekolah`) VALUES (\'1\', \'1\', \'1\', \'2025-07-16T21:23\', \'2025-07-17T21:24\', \'45\', \'25\', 1, 1, 1, \'\')', 0)
 2 SYSTEMPATH\Database\BaseConnection.php(738): CodeIgniter\Database\MySQLi\Connection->execute('INSERT INTO `jadwal_ujian` (`id_mapel`, `id_bank`, `id_jenis_ujian`, `tanggal_mulai`, `tanggal_tenggat`, `durasi`, `durasi_minimal`, `acak_soal`, `token`, `status`, `id_sekolah`) VALUES (\'1\', \'1\', \'1\', \'2025-07-16T21:23\', \'2025-07-17T21:24\', \'45\', \'25\', 1, 1, 1, \'\')')
 3 SYSTEMPATH\Database\BaseConnection.php(652): CodeIgniter\Database\BaseConnection->simpleQuery('INSERT INTO `jadwal_ujian` (`id_mapel`, `id_bank`, `id_jenis_ujian`, `tanggal_mulai`, `tanggal_tenggat`, `durasi`, `durasi_minimal`, `acak_soal`, `token`, `status`, `id_sekolah`) VALUES (\'1\', \'1\', \'1\', \'2025-07-16T21:23\', \'2025-07-17T21:24\', \'45\', \'25\', 1, 1, 1, \'\')')
 4 SYSTEMPATH\Database\BaseBuilder.php(2345): CodeIgniter\Database\BaseConnection->query('INSERT INTO `jadwal_ujian` (`id_mapel`, `id_bank`, `id_jenis_ujian`, `tanggal_mulai`, `tanggal_tenggat`, `durasi`, `durasi_minimal`, `acak_soal`, `token`, `status`, `id_sekolah`) VALUES (:id_mapel:, :id_bank:, :id_jenis_ujian:, :tanggal_mulai:, :tanggal_tenggat:, :durasi:, :durasi_minimal:, :acak_soal:, :token:, :status:, :id_sekolah:)', [...], false)
 5 SYSTEMPATH\Model.php(394): CodeIgniter\Database\BaseBuilder->insert()
 6 SYSTEMPATH\BaseModel.php(843): CodeIgniter\Model->doInsert([...])
 7 SYSTEMPATH\Model.php(800): CodeIgniter\BaseModel->insert([...], true)
 8 APPPATH\Controllers\admin\jadwalujian.php(58): CodeIgniter\Model->insert([...])
 9 SYSTEMPATH\CodeIgniter.php(933): App\Controllers\Admin\jadwalujian->store()
10 SYSTEMPATH\CodeIgniter.php(507): CodeIgniter\CodeIgniter->runController(Object(App\Controllers\Admin\jadwalujian))
11 SYSTEMPATH\CodeIgniter.php(354): CodeIgniter\CodeIgniter->handleRequest(null, Object(Config\Cache), false)
12 SYSTEMPATH\Boot.php(334): CodeIgniter\CodeIgniter->run()
13 SYSTEMPATH\Boot.php(67): CodeIgniter\Boot::runCodeIgniter(Object(CodeIgniter\CodeIgniter))
14 FCPATH\index.php(59): CodeIgniter\Boot::bootWeb(Object(Config\Paths))
15 SYSTEMPATH\rewrite.php(44): require_once('C:\\laragon\\www\\cbt-aktara-v2\\public\\index.php')
DEBUG - 2025-07-16 14:38:49 --> Session: Class initialized using 'CodeIgniter\Session\Handlers\FileHandler' driver.
DEBUG - 2025-07-16 14:39:02 --> Session: Class initialized using 'CodeIgniter\Session\Handlers\FileHandler' driver.
DEBUG - 2025-07-16 14:39:04 --> Session: Class initialized using 'CodeIgniter\Session\Handlers\FileHandler' driver.
DEBUG - 2025-07-16 14:39:25 --> Session: Class initialized using 'CodeIgniter\Session\Handlers\FileHandler' driver.
DEBUG - 2025-07-16 14:40:09 --> Session: Class initialized using 'CodeIgniter\Session\Handlers\FileHandler' driver.
DEBUG - 2025-07-16 14:40:11 --> Session: Class initialized using 'CodeIgniter\Session\Handlers\FileHandler' driver.
DEBUG - 2025-07-16 14:40:21 --> Session: Class initialized using 'CodeIgniter\Session\Handlers\FileHandler' driver.
DEBUG - 2025-07-16 14:40:30 --> Session: Class initialized using 'CodeIgniter\Session\Handlers\FileHandler' driver.
DEBUG - 2025-07-16 14:40:32 --> Session: Class initialized using 'CodeIgniter\Session\Handlers\FileHandler' driver.
DEBUG - 2025-07-16 14:45:37 --> Session: Class initialized using 'CodeIgniter\Session\Handlers\FileHandler' driver.
DEBUG - 2025-07-16 14:45:46 --> Session: Class initialized using 'CodeIgniter\Session\Handlers\FileHandler' driver.
DEBUG - 2025-07-16 14:47:29 --> Session: Class initialized using 'CodeIgniter\Session\Handlers\FileHandler' driver.
DEBUG - 2025-07-16 14:47:35 --> Session: Class initialized using 'CodeIgniter\Session\Handlers\FileHandler' driver.
DEBUG - 2025-07-16 14:47:41 --> Session: Class initialized using 'CodeIgniter\Session\Handlers\FileHandler' driver.
DEBUG - 2025-07-16 14:47:49 --> Session: Class initialized using 'CodeIgniter\Session\Handlers\FileHandler' driver.
DEBUG - 2025-07-16 14:47:58 --> Session: Class initialized using 'CodeIgniter\Session\Handlers\FileHandler' driver.
CRITICAL - 2025-07-16 14:48:00 --> ErrorException: Undefined array key "nama_lengkap"
[Method: GET, Route: admin/profil]
in APPPATH\Views\admin\profil.php on line 57.
 1 APPPATH\Views\admin\profil.php(57): CodeIgniter\Debug\Exceptions->errorHandler(2, 'Undefined array key "nama_lengkap"', 'C:\\laragon\\www\\cbt-aktara-v2\\app\\Views\\admin\\profil.php', 57)
 2 SYSTEMPATH\View\View.php(224): include('C:\\laragon\\www\\cbt-aktara-v2\\app\\Views\\admin\\profil.php')
 3 SYSTEMPATH\View\View.php(227): CodeIgniter\View\View->CodeIgniter\View\{closure}()
 4 SYSTEMPATH\Common.php(1173): CodeIgniter\View\View->render('admin/profil', [], true)
 5 APPPATH\Controllers\admin\profil.php(15): view('admin/profil', [...])
 6 SYSTEMPATH\CodeIgniter.php(933): App\Controllers\Admin\profil->index()
 7 SYSTEMPATH\CodeIgniter.php(507): CodeIgniter\CodeIgniter->runController(Object(App\Controllers\Admin\profil))
 8 SYSTEMPATH\CodeIgniter.php(354): CodeIgniter\CodeIgniter->handleRequest(null, Object(Config\Cache), false)
 9 SYSTEMPATH\Boot.php(334): CodeIgniter\CodeIgniter->run()
10 SYSTEMPATH\Boot.php(67): CodeIgniter\Boot::runCodeIgniter(Object(CodeIgniter\CodeIgniter))
11 FCPATH\index.php(59): CodeIgniter\Boot::bootWeb(Object(Config\Paths))
12 SYSTEMPATH\rewrite.php(44): require_once('C:\\laragon\\www\\cbt-aktara-v2\\public\\index.php')
DEBUG - 2025-07-16 14:49:37 --> Session: Class initialized using 'CodeIgniter\Session\Handlers\FileHandler' driver.
CRITICAL - 2025-07-16 14:49:39 --> ErrorException: Undefined array key "nama_lengkap"
[Method: GET, Route: admin/profil]
in APPPATH\Views\admin\profil.php on line 57.
 1 APPPATH\Views\admin\profil.php(57): CodeIgniter\Debug\Exceptions->errorHandler(2, 'Undefined array key "nama_lengkap"', 'C:\\laragon\\www\\cbt-aktara-v2\\app\\Views\\admin\\profil.php', 57)
 2 SYSTEMPATH\View\View.php(224): include('C:\\laragon\\www\\cbt-aktara-v2\\app\\Views\\admin\\profil.php')
 3 SYSTEMPATH\View\View.php(227): CodeIgniter\View\View->CodeIgniter\View\{closure}()
 4 SYSTEMPATH\Common.php(1173): CodeIgniter\View\View->render('admin/profil', [], true)
 5 APPPATH\Controllers\admin\profil.php(15): view('admin/profil', [...])
 6 SYSTEMPATH\CodeIgniter.php(933): App\Controllers\Admin\profil->index()
 7 SYSTEMPATH\CodeIgniter.php(507): CodeIgniter\CodeIgniter->runController(Object(App\Controllers\Admin\profil))
 8 SYSTEMPATH\CodeIgniter.php(354): CodeIgniter\CodeIgniter->handleRequest(null, Object(Config\Cache), false)
 9 SYSTEMPATH\Boot.php(334): CodeIgniter\CodeIgniter->run()
10 SYSTEMPATH\Boot.php(67): CodeIgniter\Boot::runCodeIgniter(Object(CodeIgniter\CodeIgniter))
11 FCPATH\index.php(59): CodeIgniter\Boot::bootWeb(Object(Config\Paths))
12 SYSTEMPATH\rewrite.php(44): require_once('C:\\laragon\\www\\cbt-aktara-v2\\public\\index.php')
DEBUG - 2025-07-16 14:55:02 --> Session: Class initialized using 'CodeIgniter\Session\Handlers\FileHandler' driver.
CRITICAL - 2025-07-16 14:55:04 --> ErrorException: Undefined array key "email"
[Method: GET, Route: admin/profil]
in APPPATH\Views\admin\profil.php on line 61.
 1 APPPATH\Views\admin\profil.php(61): CodeIgniter\Debug\Exceptions->errorHandler(2, 'Undefined array key "email"', 'C:\\laragon\\www\\cbt-aktara-v2\\app\\Views\\admin\\profil.php', 61)
 2 SYSTEMPATH\View\View.php(224): include('C:\\laragon\\www\\cbt-aktara-v2\\app\\Views\\admin\\profil.php')
 3 SYSTEMPATH\View\View.php(227): CodeIgniter\View\View->CodeIgniter\View\{closure}()
 4 SYSTEMPATH\Common.php(1173): CodeIgniter\View\View->render('admin/profil', [], true)
 5 APPPATH\Controllers\admin\profil.php(20): view('admin/profil', [...])
 6 SYSTEMPATH\CodeIgniter.php(933): App\Controllers\Admin\profil->index()
 7 SYSTEMPATH\CodeIgniter.php(507): CodeIgniter\CodeIgniter->runController(Object(App\Controllers\Admin\profil))
 8 SYSTEMPATH\CodeIgniter.php(354): CodeIgniter\CodeIgniter->handleRequest(null, Object(Config\Cache), false)
 9 SYSTEMPATH\Boot.php(334): CodeIgniter\CodeIgniter->run()
10 SYSTEMPATH\Boot.php(67): CodeIgniter\Boot::runCodeIgniter(Object(CodeIgniter\CodeIgniter))
11 FCPATH\index.php(59): CodeIgniter\Boot::bootWeb(Object(Config\Paths))
12 SYSTEMPATH\rewrite.php(44): require_once('C:\\laragon\\www\\cbt-aktara-v2\\public\\index.php')
DEBUG - 2025-07-16 14:56:04 --> Session: Class initialized using 'CodeIgniter\Session\Handlers\FileHandler' driver.
DEBUG - 2025-07-16 14:56:16 --> Session: Class initialized using 'CodeIgniter\Session\Handlers\FileHandler' driver.
DEBUG - 2025-07-16 14:56:19 --> Session: Class initialized using 'CodeIgniter\Session\Handlers\FileHandler' driver.
DEBUG - 2025-07-16 14:56:20 --> Session: Class initialized using 'CodeIgniter\Session\Handlers\FileHandler' driver.
DEBUG - 2025-07-16 14:56:35 --> Session: Class initialized using 'CodeIgniter\Session\Handlers\FileHandler' driver.
DEBUG - 2025-07-16 14:56:38 --> Session: Class initialized using 'CodeIgniter\Session\Handlers\FileHandler' driver.
DEBUG - 2025-07-16 14:56:57 --> Session: Class initialized using 'CodeIgniter\Session\Handlers\FileHandler' driver.
DEBUG - 2025-07-16 14:57:08 --> Session: Class initialized using 'CodeIgniter\Session\Handlers\FileHandler' driver.
DEBUG - 2025-07-16 14:57:14 --> Session: Class initialized using 'CodeIgniter\Session\Handlers\FileHandler' driver.
DEBUG - 2025-07-16 14:57:14 --> Session: Class initialized using 'CodeIgniter\Session\Handlers\FileHandler' driver.
