ERROR - 2025-07-27 11:46:12 --> Error connecting to the database: mysqli_sql_exception: Access denied for user ''@'localhost' (using password: NO) in C:\laragon\www\cbt-aktara-v2-\vendor\codeigniter4\framework\system\Database\MySQLi\Connection.php:202
Stack trace:
#0 C:\laragon\www\cbt-aktara-v2-\vendor\codeigniter4\framework\system\Database\MySQLi\Connection.php(202): mysqli->real_connect('localhost', '', '', '', 3306, '', 0)
#1 C:\laragon\www\cbt-aktara-v2-\vendor\codeigniter4\framework\system\Database\BaseConnection.php(421): CodeIgniter\Database\MySQLi\Connection->connect(false)
#2 C:\laragon\www\cbt-aktara-v2-\vendor\codeigniter4\framework\system\Database\BaseConnection.php(620): CodeIgniter\Database\BaseConnection->initialize()
#3 C:\laragon\www\cbt-aktara-v2-\vendor\codeigniter4\framework\system\Database\BaseBuilder.php(1649): CodeIgniter\Database\BaseConnection->query('SELECT *\nFROM `...', Array, false)
#4 C:\laragon\www\cbt-aktara-v2-\vendor\codeigniter4\framework\system\Model.php(330): CodeIgniter\Database\BaseBuilder->get()
#5 C:\laragon\www\cbt-aktara-v2-\vendor\codeigniter4\framework\system\BaseModel.php(717): CodeIgniter\Model->doFirst()
#6 C:\laragon\www\cbt-aktara-v2-\app\Controllers\auth.php(22): CodeIgniter\BaseModel->first()
#7 C:\laragon\www\cbt-aktara-v2-\vendor\codeigniter4\framework\system\CodeIgniter.php(933): App\Controllers\auth->loginProcess()
#8 C:\laragon\www\cbt-aktara-v2-\vendor\codeigniter4\framework\system\CodeIgniter.php(507): CodeIgniter\CodeIgniter->runController(Object(App\Controllers\auth))
#9 C:\laragon\www\cbt-aktara-v2-\vendor\codeigniter4\framework\system\CodeIgniter.php(354): CodeIgniter\CodeIgniter->handleRequest(NULL, Object(Config\Cache), false)
#10 C:\laragon\www\cbt-aktara-v2-\vendor\codeigniter4\framework\system\Boot.php(334): CodeIgniter\CodeIgniter->run()
#11 C:\laragon\www\cbt-aktara-v2-\vendor\codeigniter4\framework\system\Boot.php(67): CodeIgniter\Boot::runCodeIgniter(Object(CodeIgniter\CodeIgniter))
#12 C:\laragon\www\cbt-aktara-v2-\public\index.php(59): CodeIgniter\Boot::bootWeb(Object(Config\Paths))
#13 C:\laragon\www\cbt-aktara-v2-\vendor\codeigniter4\framework\system\rewrite.php(44): require_once('C:\\laragon\\www\\...')
#14 {main}

Next CodeIgniter\Database\Exceptions\DatabaseException: Access denied for user ''@'localhost' (using password: NO) in C:\laragon\www\cbt-aktara-v2-\vendor\codeigniter4\framework\system\Database\MySQLi\Connection.php:246
Stack trace:
#0 C:\laragon\www\cbt-aktara-v2-\vendor\codeigniter4\framework\system\Database\BaseConnection.php(421): CodeIgniter\Database\MySQLi\Connection->connect(false)
#1 C:\laragon\www\cbt-aktara-v2-\vendor\codeigniter4\framework\system\Database\BaseConnection.php(620): CodeIgniter\Database\BaseConnection->initialize()
#2 C:\laragon\www\cbt-aktara-v2-\vendor\codeigniter4\framework\system\Database\BaseBuilder.php(1649): CodeIgniter\Database\BaseConnection->query('SELECT *\nFROM `...', Array, false)
#3 C:\laragon\www\cbt-aktara-v2-\vendor\codeigniter4\framework\system\Model.php(330): CodeIgniter\Database\BaseBuilder->get()
#4 C:\laragon\www\cbt-aktara-v2-\vendor\codeigniter4\framework\system\BaseModel.php(717): CodeIgniter\Model->doFirst()
#5 C:\laragon\www\cbt-aktara-v2-\app\Controllers\auth.php(22): CodeIgniter\BaseModel->first()
#6 C:\laragon\www\cbt-aktara-v2-\vendor\codeigniter4\framework\system\CodeIgniter.php(933): App\Controllers\auth->loginProcess()
#7 C:\laragon\www\cbt-aktara-v2-\vendor\codeigniter4\framework\system\CodeIgniter.php(507): CodeIgniter\CodeIgniter->runController(Object(App\Controllers\auth))
#8 C:\laragon\www\cbt-aktara-v2-\vendor\codeigniter4\framework\system\CodeIgniter.php(354): CodeIgniter\CodeIgniter->handleRequest(NULL, Object(Config\Cache), false)
#9 C:\laragon\www\cbt-aktara-v2-\vendor\codeigniter4\framework\system\Boot.php(334): CodeIgniter\CodeIgniter->run()
#10 C:\laragon\www\cbt-aktara-v2-\vendor\codeigniter4\framework\system\Boot.php(67): CodeIgniter\Boot::runCodeIgniter(Object(CodeIgniter\CodeIgniter))
#11 C:\laragon\www\cbt-aktara-v2-\public\index.php(59): CodeIgniter\Boot::bootWeb(Object(Config\Paths))
#12 C:\laragon\www\cbt-aktara-v2-\vendor\codeigniter4\framework\system\rewrite.php(44): require_once('C:\\laragon\\www\\...')
#13 {main}
CRITICAL - 2025-07-27 11:46:12 --> CodeIgniter\Database\Exceptions\DatabaseException: Unable to connect to the database.
Main connection [MySQLi]: Access denied for user ''@'localhost' (using password: NO)
[Method: POST, Route: login]
in SYSTEMPATH\Database\BaseConnection.php on line 467.
 1 SYSTEMPATH\Database\BaseConnection.php(620): CodeIgniter\Database\BaseConnection->initialize()
 2 SYSTEMPATH\Database\BaseBuilder.php(1649): CodeIgniter\Database\BaseConnection->query('SELECT *
FROM `users`
WHERE `username` = :username:
 LIMIT 1', [...], false)
 3 SYSTEMPATH\Model.php(330): CodeIgniter\Database\BaseBuilder->get()
 4 SYSTEMPATH\BaseModel.php(717): CodeIgniter\Model->doFirst()
 5 APPPATH\Controllers\auth.php(22): CodeIgniter\BaseModel->first()
 6 SYSTEMPATH\CodeIgniter.php(933): App\Controllers\auth->loginProcess()
 7 SYSTEMPATH\CodeIgniter.php(507): CodeIgniter\CodeIgniter->runController(Object(App\Controllers\auth))
 8 SYSTEMPATH\CodeIgniter.php(354): CodeIgniter\CodeIgniter->handleRequest(null, Object(Config\Cache), false)
 9 SYSTEMPATH\Boot.php(334): CodeIgniter\CodeIgniter->run()
10 SYSTEMPATH\Boot.php(67): CodeIgniter\Boot::runCodeIgniter(Object(CodeIgniter\CodeIgniter))
11 FCPATH\index.php(59): CodeIgniter\Boot::bootWeb(Object(Config\Paths))
12 SYSTEMPATH\rewrite.php(44): require_once('C:\\laragon\\www\\cbt-aktara-v2-\\public\\index.php')
DEBUG - 2025-07-27 11:46:36 --> Session: Class initialized using 'CodeIgniter\Session\Handlers\FileHandler' driver.
DEBUG - 2025-07-27 11:46:36 --> Session: Class initialized using 'CodeIgniter\Session\Handlers\FileHandler' driver.
DEBUG - 2025-07-27 11:46:48 --> Session: Class initialized using 'CodeIgniter\Session\Handlers\FileHandler' driver.
DEBUG - 2025-07-27 11:46:50 --> Session: Class initialized using 'CodeIgniter\Session\Handlers\FileHandler' driver.
DEBUG - 2025-07-27 11:47:03 --> Session: Class initialized using 'CodeIgniter\Session\Handlers\FileHandler' driver.
CRITICAL - 2025-07-27 11:47:05 --> ErrorException: Undefined array key "nama_lengkap"
[Method: GET, Route: admin/analisasoal]
in APPPATH\Views\admin\analisasoal\index.php on line 82.
 1 APPPATH\Views\admin\analisasoal\index.php(82): CodeIgniter\Debug\Exceptions->errorHandler(2, 'Undefined array key "nama_lengkap"', 'C:\\laragon\\www\\cbt-aktara-v2-\\app\\Views\\admin\\analisasoal\\index.php', 82)
 2 SYSTEMPATH\View\View.php(224): include('C:\\laragon\\www\\cbt-aktara-v2-\\app\\Views\\admin\\analisasoal\\index.php')
 3 SYSTEMPATH\View\View.php(227): CodeIgniter\View\View->CodeIgniter\View\{closure}()
 4 SYSTEMPATH\Common.php(1173): CodeIgniter\View\View->render('admin/analisasoal/index', [], true)
 5 APPPATH\Controllers\admin\analisasoalcontroller.php(37): view('admin/analisasoal/index', [...])
 6 SYSTEMPATH\CodeIgniter.php(933): App\Controllers\Admin\analisasoalcontroller->index()
 7 SYSTEMPATH\CodeIgniter.php(507): CodeIgniter\CodeIgniter->runController(Object(App\Controllers\Admin\analisasoalcontroller))
 8 SYSTEMPATH\CodeIgniter.php(354): CodeIgniter\CodeIgniter->handleRequest(null, Object(Config\Cache), false)
 9 SYSTEMPATH\Boot.php(334): CodeIgniter\CodeIgniter->run()
10 SYSTEMPATH\Boot.php(67): CodeIgniter\Boot::runCodeIgniter(Object(CodeIgniter\CodeIgniter))
11 FCPATH\index.php(59): CodeIgniter\Boot::bootWeb(Object(Config\Paths))
12 SYSTEMPATH\rewrite.php(44): require_once('C:\\laragon\\www\\cbt-aktara-v2-\\public\\index.php')
DEBUG - 2025-07-27 11:50:20 --> Session: Class initialized using 'CodeIgniter\Session\Handlers\FileHandler' driver.
CRITICAL - 2025-07-27 11:50:22 --> ErrorException: Undefined array key "kelas"
[Method: GET, Route: admin/analisasoal]
in APPPATH\Views\admin\analisasoal\index.php on line 81.
 1 APPPATH\Views\admin\analisasoal\index.php(81): CodeIgniter\Debug\Exceptions->errorHandler(2, 'Undefined array key "kelas"', 'C:\\laragon\\www\\cbt-aktara-v2-\\app\\Views\\admin\\analisasoal\\index.php', 81)
 2 SYSTEMPATH\View\View.php(224): include('C:\\laragon\\www\\cbt-aktara-v2-\\app\\Views\\admin\\analisasoal\\index.php')
 3 SYSTEMPATH\View\View.php(227): CodeIgniter\View\View->CodeIgniter\View\{closure}()
 4 SYSTEMPATH\Common.php(1173): CodeIgniter\View\View->render('admin/analisasoal/index', [], true)
 5 APPPATH\Controllers\admin\analisasoalcontroller.php(37): view('admin/analisasoal/index', [...])
 6 SYSTEMPATH\CodeIgniter.php(933): App\Controllers\Admin\analisasoalcontroller->index()
 7 SYSTEMPATH\CodeIgniter.php(507): CodeIgniter\CodeIgniter->runController(Object(App\Controllers\Admin\analisasoalcontroller))
 8 SYSTEMPATH\CodeIgniter.php(354): CodeIgniter\CodeIgniter->handleRequest(null, Object(Config\Cache), false)
 9 SYSTEMPATH\Boot.php(334): CodeIgniter\CodeIgniter->run()
10 SYSTEMPATH\Boot.php(67): CodeIgniter\Boot::runCodeIgniter(Object(CodeIgniter\CodeIgniter))
11 FCPATH\index.php(59): CodeIgniter\Boot::bootWeb(Object(Config\Paths))
12 SYSTEMPATH\rewrite.php(44): require_once('C:\\laragon\\www\\cbt-aktara-v2-\\public\\index.php')
DEBUG - 2025-07-27 11:50:44 --> Session: Class initialized using 'CodeIgniter\Session\Handlers\FileHandler' driver.
CRITICAL - 2025-07-27 11:50:46 --> ErrorException: Undefined array key "nama_ujian"
[Method: GET, Route: admin/analisasoal]
in APPPATH\Views\admin\analisasoal\index.php on line 80.
 1 APPPATH\Views\admin\analisasoal\index.php(80): CodeIgniter\Debug\Exceptions->errorHandler(2, 'Undefined array key "nama_ujian"', 'C:\\laragon\\www\\cbt-aktara-v2-\\app\\Views\\admin\\analisasoal\\index.php', 80)
 2 SYSTEMPATH\View\View.php(224): include('C:\\laragon\\www\\cbt-aktara-v2-\\app\\Views\\admin\\analisasoal\\index.php')
 3 SYSTEMPATH\View\View.php(227): CodeIgniter\View\View->CodeIgniter\View\{closure}()
 4 SYSTEMPATH\Common.php(1173): CodeIgniter\View\View->render('admin/analisasoal/index', [], true)
 5 APPPATH\Controllers\admin\analisasoalcontroller.php(37): view('admin/analisasoal/index', [...])
 6 SYSTEMPATH\CodeIgniter.php(933): App\Controllers\Admin\analisasoalcontroller->index()
 7 SYSTEMPATH\CodeIgniter.php(507): CodeIgniter\CodeIgniter->runController(Object(App\Controllers\Admin\analisasoalcontroller))
 8 SYSTEMPATH\CodeIgniter.php(354): CodeIgniter\CodeIgniter->handleRequest(null, Object(Config\Cache), false)
 9 SYSTEMPATH\Boot.php(334): CodeIgniter\CodeIgniter->run()
10 SYSTEMPATH\Boot.php(67): CodeIgniter\Boot::runCodeIgniter(Object(CodeIgniter\CodeIgniter))
11 FCPATH\index.php(59): CodeIgniter\Boot::bootWeb(Object(Config\Paths))
12 SYSTEMPATH\rewrite.php(44): require_once('C:\\laragon\\www\\cbt-aktara-v2-\\public\\index.php')
DEBUG - 2025-07-27 11:51:34 --> Session: Class initialized using 'CodeIgniter\Session\Handlers\FileHandler' driver.
DEBUG - 2025-07-27 11:51:40 --> Session: Class initialized using 'CodeIgniter\Session\Handlers\FileHandler' driver.
DEBUG - 2025-07-27 11:51:46 --> Session: Class initialized using 'CodeIgniter\Session\Handlers\FileHandler' driver.
CRITICAL - 2025-07-27 11:51:48 --> ErrorException: Undefined array key "nama_lengkap"
[Method: GET, Route: admin/analisasoal]
in APPPATH\Views\admin\analisasoal\index.php on line 82.
 1 APPPATH\Views\admin\analisasoal\index.php(82): CodeIgniter\Debug\Exceptions->errorHandler(2, 'Undefined array key "nama_lengkap"', 'C:\\laragon\\www\\cbt-aktara-v2-\\app\\Views\\admin\\analisasoal\\index.php', 82)
 2 SYSTEMPATH\View\View.php(224): include('C:\\laragon\\www\\cbt-aktara-v2-\\app\\Views\\admin\\analisasoal\\index.php')
 3 SYSTEMPATH\View\View.php(227): CodeIgniter\View\View->CodeIgniter\View\{closure}()
 4 SYSTEMPATH\Common.php(1173): CodeIgniter\View\View->render('admin/analisasoal/index', [], true)
 5 APPPATH\Controllers\admin\analisasoalcontroller.php(37): view('admin/analisasoal/index', [...])
 6 SYSTEMPATH\CodeIgniter.php(933): App\Controllers\Admin\analisasoalcontroller->index()
 7 SYSTEMPATH\CodeIgniter.php(507): CodeIgniter\CodeIgniter->runController(Object(App\Controllers\Admin\analisasoalcontroller))
 8 SYSTEMPATH\CodeIgniter.php(354): CodeIgniter\CodeIgniter->handleRequest(null, Object(Config\Cache), false)
 9 SYSTEMPATH\Boot.php(334): CodeIgniter\CodeIgniter->run()
10 SYSTEMPATH\Boot.php(67): CodeIgniter\Boot::runCodeIgniter(Object(CodeIgniter\CodeIgniter))
11 FCPATH\index.php(59): CodeIgniter\Boot::bootWeb(Object(Config\Paths))
12 SYSTEMPATH\rewrite.php(44): require_once('C:\\laragon\\www\\cbt-aktara-v2-\\public\\index.php')
DEBUG - 2025-07-27 11:53:50 --> Session: Class initialized using 'CodeIgniter\Session\Handlers\FileHandler' driver.
DEBUG - 2025-07-27 11:53:54 --> Session: Class initialized using 'CodeIgniter\Session\Handlers\FileHandler' driver.
DEBUG - 2025-07-27 11:53:54 --> Session: Class initialized using 'CodeIgniter\Session\Handlers\FileHandler' driver.
DEBUG - 2025-07-27 11:54:11 --> Session: Class initialized using 'CodeIgniter\Session\Handlers\FileHandler' driver.
DEBUG - 2025-07-27 11:54:12 --> Session: Class initialized using 'CodeIgniter\Session\Handlers\FileHandler' driver.
DEBUG - 2025-07-27 11:54:24 --> Session: Class initialized using 'CodeIgniter\Session\Handlers\FileHandler' driver.
CRITICAL - 2025-07-27 11:54:26 --> ErrorException: Undefined array key "nama_lengkap"
[Method: GET, Route: guru/analisasoal]
in APPPATH\Views\guru\analisasoal\index.php on line 82.
 1 APPPATH\Views\guru\analisasoal\index.php(82): CodeIgniter\Debug\Exceptions->errorHandler(2, 'Undefined array key "nama_lengkap"', 'C:\\laragon\\www\\cbt-aktara-v2-\\app\\Views\\guru\\analisasoal\\index.php', 82)
 2 SYSTEMPATH\View\View.php(224): include('C:\\laragon\\www\\cbt-aktara-v2-\\app\\Views\\guru\\analisasoal\\index.php')
 3 SYSTEMPATH\View\View.php(227): CodeIgniter\View\View->CodeIgniter\View\{closure}()
 4 SYSTEMPATH\Common.php(1173): CodeIgniter\View\View->render('guru/analisasoal/index', [], true)
 5 APPPATH\Controllers\guru\analisasoalcontroller.php(37): view('guru/analisasoal/index', [...])
 6 SYSTEMPATH\CodeIgniter.php(933): App\Controllers\Guru\analisasoalcontroller->index()
 7 SYSTEMPATH\CodeIgniter.php(507): CodeIgniter\CodeIgniter->runController(Object(App\Controllers\Guru\analisasoalcontroller))
 8 SYSTEMPATH\CodeIgniter.php(354): CodeIgniter\CodeIgniter->handleRequest(null, Object(Config\Cache), false)
 9 SYSTEMPATH\Boot.php(334): CodeIgniter\CodeIgniter->run()
10 SYSTEMPATH\Boot.php(67): CodeIgniter\Boot::runCodeIgniter(Object(CodeIgniter\CodeIgniter))
11 FCPATH\index.php(59): CodeIgniter\Boot::bootWeb(Object(Config\Paths))
12 SYSTEMPATH\rewrite.php(44): require_once('C:\\laragon\\www\\cbt-aktara-v2-\\public\\index.php')
DEBUG - 2025-07-27 11:54:43 --> Session: Class initialized using 'CodeIgniter\Session\Handlers\FileHandler' driver.
DEBUG - 2025-07-27 11:54:43 --> Session: Class initialized using 'CodeIgniter\Session\Handlers\FileHandler' driver.
DEBUG - 2025-07-27 11:54:59 --> Session: Class initialized using 'CodeIgniter\Session\Handlers\FileHandler' driver.
DEBUG - 2025-07-27 11:54:59 --> Session: Class initialized using 'CodeIgniter\Session\Handlers\FileHandler' driver.
DEBUG - 2025-07-27 11:55:18 --> Session: Class initialized using 'CodeIgniter\Session\Handlers\FileHandler' driver.
DEBUG - 2025-07-27 12:00:25 --> Session: Class initialized using 'CodeIgniter\Session\Handlers\FileHandler' driver.
